<?xml version="1.0" encoding="UTF-8" ?>
<testsuites disabled="0" errors="0" failures="7" tests="411" time="2298.368">
 <testsuite name="Hybrent Login Module" timestamp="2021-08-19T12:52:59" hostname="localhost" time="27.469" errors="0" tests="3" skipped="0" disabled="0" failures="0">
  <testcase classname="Hybrent Login Module" name="Login: Try login without any credentials." time="17.299" />
  <testcase classname="Hybrent Login Module" name="Login: Try login with wrong credentials." time="4.236" />
  <testcase classname="Hybrent Login Module" name="Login: Try login with correct credentials." time="5.93" />
 </testsuite>
 <testsuite name="Dashboard test cases" timestamp="2021-08-19T12:53:26" hostname="localhost" time="21.976" errors="0" tests="11" skipped="0" disabled="0" failures="0">
  <testcase classname="Dashboard test cases" name="Verify that System gets redirected to Profile page when user clicks on Profile link" time="4.801" />
  <testcase classname="Dashboard test cases" name="Verify that system gets redirected to NOTIFICATION SETTINGS page when user clicks on Notification settings button" time="2.333" />
  <testcase classname="Dashboard test cases" name="Verify that System gets redirected to Alerts page when user clicks on Alerts link" time="2.493" />
  <testcase classname="Dashboard test cases" name="Verify that System gets redirected to &quot;Survey&quot; page when user clicks on &quot;Survey&quot; link." time="2.395" />
  <testcase classname="Dashboard test cases" name="Verify that System gets redirected to &quot;Change Password&quot; page when user clicks on &quot; Change Password&quot; link" time="2.721" />
  <testcase classname="Dashboard test cases" name="Verify that Notification icon  appears on top of page." time="0.115" />
  <testcase classname="Dashboard test cases" name="Verify that Notification icon  appears on top of page." time="0.077" />
  <testcase classname="Dashboard test cases" name="Verify that user gets redirected to “My Notifications” page, on clicking “View All” button" time="2.581" />
  <testcase classname="Dashboard test cases" name="Verify that user gets redirected to corresponding Report on clicking View More Reports button" time="1.282" />
  <testcase classname="Dashboard test cases" name="Verify that relevant data appears under Monthly Purchase Order Value, Number of Backorders and Vendor Performance sections" time="0.421" />
  <testcase classname="Dashboard test cases" name="Verify that “Recent Orders” and “News &amp; Events” sections appear on Page." time="2.756" />
 </testsuite>
 <testsuite name="user default facility" timestamp="2021-08-19T12:53:48" hostname="localhost" time="4.765" errors="0" tests="1" skipped="0" disabled="0" failures="0">
  <testcase classname="user default facility" name="user default facility is" time="4.764" />
 </testsuite>
 <testsuite name="Hybrent Item Catalog Module" timestamp="2021-08-19T12:53:53" hostname="localhost" time="155.419" errors="0" tests="18" skipped="0" disabled="0" failures="0">
  <testcase classname="Hybrent Item Catalog Module" name="Item Catalog page should open" time="1.661" />
  <testcase classname="Hybrent Item Catalog Module" name="List page should display list of items and IC filters" time="2.352" />
  <testcase classname="Hybrent Item Catalog Module" name="verify that all the status option appear under the status dropdown" time="0.159" />
  <testcase classname="Hybrent Item Catalog Module" name="verify that Both, Inventory Item, Non-inventoryitem option appear under the type dropdown" time="0.187" />
  <testcase classname="Hybrent Item Catalog Module" name="verify all ordering_type option appear under the ordering_type dropdown" time="0.352" />
  <testcase classname="Hybrent Item Catalog Module" name="verify all consumption_type option appear under the consumption_type dropdown" time="0.254" />
  <testcase classname="Hybrent Item Catalog Module" name="Add a general item" time="9.714" />
  <testcase classname="Hybrent Item Catalog Module" name="Verify that user should able to map new created general Item with own facility" time="9.645" />
  <testcase classname="Hybrent Item Catalog Module" name="Add a consignment item" time="13.573" />
  <testcase classname="Hybrent Item Catalog Module" name="Verify that user should able to map new created consignment Item with his default facility" time="15.11" />
  <testcase classname="Hybrent Item Catalog Module" name="Add a DME item" time="14.125" />
  <testcase classname="Hybrent Item Catalog Module" name="Verify that user should able to map new created DME Item with his default facility" time="15.029" />
  <testcase classname="Hybrent Item Catalog Module" name="Add a Bill Only item" time="11.364" />
  <testcase classname="Hybrent Item Catalog Module" name="Verify that user should able to map new created Bill Only with his default facility" time="15.51" />
  <testcase classname="Hybrent Item Catalog Module" name="Add a Service item" time="13.132" />
  <testcase classname="Hybrent Item Catalog Module" name="Verify that user should able to map new created Bill Only with his default facility" time="14.948" />
  <testcase classname="Hybrent Item Catalog Module" name="Add Amenity item" time="7.786" />
  <testcase classname="Hybrent Item Catalog Module" name="Verify that user should able to map Amenity item with user default facility" time="10.515" />
 </testsuite>
 <testsuite name="Hybrent Shop Module" timestamp="2021-08-19T12:56:28" hostname="localhost" time="19.52" errors="0" tests="7" skipped="0" disabled="0" failures="0">
  <testcase classname="Hybrent Shop Module" name="Verify that user default facility appear selected in shop page" time="1.543" />
  <testcase classname="Hybrent Shop Module" name="Add General Item to cart" time="4.577" />
  <testcase classname="Hybrent Shop Module" name="Verify that user should get redirect to cart on clicking checkout button" time="2.019" />
  <testcase classname="Hybrent Shop Module" name="verify that bill_only and inactive item should not appear on page" time="1.867" />
  <testcase classname="Hybrent Shop Module" name="Shop: Shows recently ordered items appear on page on selecting Recently ordered radio button" time="4.804" />
  <testcase classname="Hybrent Shop Module" name="Shop: Shows Most ordered items with Po count column sort descending if default layout is selected." time="4.427" />
  <testcase classname="Hybrent Shop Module" name="Shop: Shows all items that are marked as Favorite." time="0.282" />
 </testsuite>
 <testsuite name="Hybrent Cart Module" timestamp="2021-08-19T12:56:48" hostname="localhost" time="12.54" errors="0" tests="3" skipped="0" disabled="0" failures="0">
  <testcase classname="Hybrent Cart Module" name="Open cart page" time="1.399" />
  <testcase classname="Hybrent Cart Module" name="add item to cart" time="1.983" />
  <testcase classname="Hybrent Cart Module" name="Generate PO" time="9.156" />
 </testsuite>
 <testsuite name="Hybrent Order Module" timestamp="2021-08-19T12:57:00" hostname="localhost" time="60.147" errors="0" tests="9" skipped="0" disabled="0" failures="0">
  <testcase classname="Hybrent Order Module" name="Open order module" time="2.746" />
  <testcase classname="Hybrent Order Module" name="List page should display list of filters" time="0.326" />
  <testcase classname="Hybrent Order Module" name="Order list page search with PO# Found" time="16.245" />
  <testcase classname="Hybrent Order Module" name="open order detail page" time="1.539" />
  <testcase classname="Hybrent Order Module" name="update item price on order detail page" time="8.324" />
  <testcase classname="Hybrent Order Module" name="verify that all option edit item, Price change history, Purchase History and Stock info should appear in item drop-down" time="5.122" />
  <testcase classname="Hybrent Order Module" name="update item gpo contract price by clicking edit button" time="4.675" />
  <testcase classname="Hybrent Order Module" name="verify that all option appears in Order drop down" time="10.384" />
  <testcase classname="Hybrent Order Module" name="add invoice for newly created order" time="10.785" />
 </testsuite>
 <testsuite name="Request service module" timestamp="2021-08-19T12:58:00" hostname="localhost" time="26.406" errors="0" tests="11" skipped="0" disabled="0" failures="0">
  <testcase classname="Request service module" name="Navigate to Request service module" time="0.93" />
  <testcase classname="Request service module" name="verify that all search filter should appear on request service module" time="0.114" />
  <testcase classname="Request service module" name="Verify thet user should able to select specific vendor on service po cart" time="5.152" />
  <testcase classname="Request service module" name="verify that item search with sku should work on service po cart" time="1.266" />
  <testcase classname="Request service module" name="verify that item search with mfr should work on service po cart" time="1.42" />
  <testcase classname="Request service module" name="verify that item search with alias should work on service po cart" time="1.414" />
  <testcase classname="Request service module" name="verify that item search with name should work on service po cart" time="1.582" />
  <testcase classname="Request service module" name="Add existing service item in service po cart" time="1.266" />
  <testcase classname="Request service module" name="Verify that all option should appear under the drop down on service po cart" time="0.34" />
  <testcase classname="Request service module" name="Verify that user should able to add new service item on service po cart" time="1.882" />
  <testcase classname="Request service module" name="Generate service PO" time="11.039" />
 </testsuite>
 <testsuite name="Hybrent Receive Module" timestamp="2021-08-19T12:58:27" hostname="localhost" time="6.918" errors="0" tests="4" skipped="0" disabled="0" failures="0">
  <testcase classname="Hybrent Receive Module" name="Navigate to Receive module" time="0.871" />
  <testcase classname="Hybrent Receive Module" name="verify that all search filter appear on listing page" time="0.278" />
  <testcase classname="Hybrent Receive Module" name="verify that po search functionality is working fine" time="3.65" />
  <testcase classname="Hybrent Receive Module" name="verify that all option appears in order drop down on listing page" time="2.119" />
 </testsuite>
 <testsuite name="Hybrent Receive order" timestamp="2021-08-19T12:58:34" hostname="localhost" time="21.177" errors="0" tests="3" skipped="0" disabled="0" failures="0">
  <testcase classname="Hybrent Receive order" name="Open order detail page on receive module" time="1.42" />
  <testcase classname="Hybrent Receive order" name="verify that all option appear in order drop down" time="2.222" />
  <testcase classname="Hybrent Receive order" name="open order detail page to receive corresponding order" time="17.516" />
 </testsuite>
 <testsuite name="Hybrent Invoice Module" timestamp="2021-08-19T12:58:55" hostname="localhost" time="19.503" errors="0" tests="6" skipped="0" disabled="0" failures="2">
  <testcase classname="Hybrent Invoice Module" name="Navigate to Invoice module" time="2.544" />
  <testcase classname="Hybrent Invoice Module" name="verify that all search filter and drop down should appear on invoice listing page" time="0.361" />
  <testcase classname="Hybrent Invoice Module" name="Verify that user is able to search invoice by invoice number" time="4.584" />
  <testcase classname="Hybrent Invoice Module" name="Open invoice detail page" time="1.67" />
  <testcase classname="Hybrent Invoice Module" name="update invoice" time="7.773">
   <failure type="exception" message="NoSuchElementError: No element found using locator: By(css selector, .toast-message)"><![CDATA[NoSuchElementError: No element found using locator: By(css selector, .toast-message)
    at C:\Users\sandy\AppData\Roaming\npm\node_modules\protractor\built\element.js:814:27
    at ManagedPromise.invokeCallback_ (C:\Users\sandy\AppData\Roaming\npm\node_modules\protractor\node_modules\selenium-webdriver\lib\promise.js:1376:14)
    at TaskQueue.execute_ (C:\Users\sandy\AppData\Roaming\npm\node_modules\protractor\node_modules\selenium-webdriver\lib\promise.js:3084:14)
    at TaskQueue.executeNext_ (C:\Users\sandy\AppData\Roaming\npm\node_modules\protractor\node_modules\selenium-webdriver\lib\promise.js:3067:27)
    at C:\Users\sandy\AppData\Roaming\npm\node_modules\protractor\node_modules\selenium-webdriver\lib\promise.js:2927:27
    at C:\Users\sandy\AppData\Roaming\npm\node_modules\protractor\node_modules\selenium-webdriver\lib\promise.js:668:7
    at runMicrotasks (<anonymous>)
    at processTicksAndRejections (internal/process/task_queues.js:97:5)Error
    at ElementArrayFinder.applyAction_ (C:\Users\sandy\AppData\Roaming\npm\node_modules\protractor\built\element.js:459:27)
    at ElementArrayFinder.<computed> [as getText] (C:\Users\sandy\AppData\Roaming\npm\node_modules\protractor\built\element.js:91:29)
    at ElementFinder.<computed> [as getText] (C:\Users\sandy\AppData\Roaming\npm\node_modules\protractor\built\element.js:831:22)
    at UserContext.<anonymous> (F:\Automation\Hybrent3.7.0-RC3\Testcases\Invoice\Invoice.js:2:4935)
    at runMicrotasks (<anonymous>)
    at processTicksAndRejections (internal/process/task_queues.js:97:5)]]>
   </failure>
  </testcase>
  <testcase classname="Hybrent Invoice Module" name="delete newly created invoice" time="2.568">
   <failure type="exception" message="Failed: No element found using locator: By(xpath, //table[@class=&apos;table&apos;]//tr[1]//i[@class=&apos;glyphicon glyphicon-trash text-danger action-button&apos;])"><![CDATA[NoSuchElementError: No element found using locator: By(xpath, //table[@class='table']//tr[1]//i[@class='glyphicon glyphicon-trash text-danger action-button'])
    at C:\Users\sandy\AppData\Roaming\npm\node_modules\protractor\built\element.js:814:27
    at ManagedPromise.invokeCallback_ (C:\Users\sandy\AppData\Roaming\npm\node_modules\protractor\node_modules\selenium-webdriver\lib\promise.js:1376:14)
    at TaskQueue.execute_ (C:\Users\sandy\AppData\Roaming\npm\node_modules\protractor\node_modules\selenium-webdriver\lib\promise.js:3084:14)
    at TaskQueue.executeNext_ (C:\Users\sandy\AppData\Roaming\npm\node_modules\protractor\node_modules\selenium-webdriver\lib\promise.js:3067:27)
    at C:\Users\sandy\AppData\Roaming\npm\node_modules\protractor\node_modules\selenium-webdriver\lib\promise.js:2927:27
    at C:\Users\sandy\AppData\Roaming\npm\node_modules\protractor\node_modules\selenium-webdriver\lib\promise.js:668:7
    at processTicksAndRejections (internal/process/task_queues.js:97:5)Error
    at ElementArrayFinder.applyAction_ (C:\Users\sandy\AppData\Roaming\npm\node_modules\protractor\built\element.js:459:27)
    at ElementArrayFinder.<computed> [as click] (C:\Users\sandy\AppData\Roaming\npm\node_modules\protractor\built\element.js:91:29)
    at ElementFinder.<computed> [as click] (C:\Users\sandy\AppData\Roaming\npm\node_modules\protractor\built\element.js:831:22)
    at UserContext.<anonymous> (F:\Automation\Hybrent3.7.0-RC3\Testcases\Invoice\Invoice.js:2:5270)
    at C:\Users\sandy\AppData\Roaming\npm\node_modules\protractor\node_modules\jasminewd2\index.js:112:25
    at new ManagedPromise (C:\Users\sandy\AppData\Roaming\npm\node_modules\protractor\node_modules\selenium-webdriver\lib\promise.js:1077:7)
    at ControlFlow.promise (C:\Users\sandy\AppData\Roaming\npm\node_modules\protractor\node_modules\selenium-webdriver\lib\promise.js:2505:12)
    at schedulerExecute (C:\Users\sandy\AppData\Roaming\npm\node_modules\protractor\node_modules\jasminewd2\index.js:95:18)
    at TaskQueue.execute_ (C:\Users\sandy\AppData\Roaming\npm\node_modules\protractor\node_modules\selenium-webdriver\lib\promise.js:3084:14)
    at TaskQueue.executeNext_ (C:\Users\sandy\AppData\Roaming\npm\node_modules\protractor\node_modules\selenium-webdriver\lib\promise.js:3067:27)
From: Task: Run it("delete newly created invoice") in control flow
    at UserContext.<anonymous> (C:\Users\sandy\AppData\Roaming\npm\node_modules\protractor\node_modules\jasminewd2\index.js:94:19)
    at attempt (C:\Users\sandy\AppData\Roaming\npm\node_modules\protractor\node_modules\jasmine-core\lib\jasmine-core\jasmine.js:4297:26)
    at QueueRunner.run (C:\Users\sandy\AppData\Roaming\npm\node_modules\protractor\node_modules\jasmine-core\lib\jasmine-core\jasmine.js:4217:20)
    at runNext (C:\Users\sandy\AppData\Roaming\npm\node_modules\protractor\node_modules\jasmine-core\lib\jasmine-core\jasmine.js:4257:20)
    at C:\Users\sandy\AppData\Roaming\npm\node_modules\protractor\node_modules\jasmine-core\lib\jasmine-core\jasmine.js:4264:13
    at C:\Users\sandy\AppData\Roaming\npm\node_modules\protractor\node_modules\jasmine-core\lib\jasmine-core\jasmine.js:4172:9
    at C:\Users\sandy\AppData\Roaming\npm\node_modules\protractor\node_modules\jasminewd2\index.js:64:48
    at ControlFlow.emit (C:\Users\sandy\AppData\Roaming\npm\node_modules\protractor\node_modules\selenium-webdriver\lib\events.js:62:21)
    at ControlFlow.shutdown_ (C:\Users\sandy\AppData\Roaming\npm\node_modules\protractor\node_modules\selenium-webdriver\lib\promise.js:2674:10)
    at C:\Users\sandy\AppData\Roaming\npm\node_modules\protractor\node_modules\selenium-webdriver\lib\promise.js:2599:53
From asynchronous test: 
Error
    at Suite.<anonymous> (F:\Automation\Hybrent3.7.0-RC3\Testcases\Invoice\Invoice.js:2:5013)
    at addSpecsToSuite (C:\Users\sandy\AppData\Roaming\npm\node_modules\protractor\node_modules\jasmine-core\lib\jasmine-core\jasmine.js:1107:25)
    at Env.describe (C:\Users\sandy\AppData\Roaming\npm\node_modules\protractor\node_modules\jasmine-core\lib\jasmine-core\jasmine.js:1074:7)
    at describe (C:\Users\sandy\AppData\Roaming\npm\node_modules\protractor\node_modules\jasmine-core\lib\jasmine-core\jasmine.js:4399:18)
    at Object.<anonymous> (F:\Automation\Hybrent3.7.0-RC3\Testcases\Invoice\Invoice.js:2:116)
    at Module._compile (internal/modules/cjs/loader.js:1158:30)
    at Module.replacementCompile (F:\Automation\Hybrent3.7.0-RC3\node_modules\append-transform\index.js:60:13)
    at Module._extensions..js (internal/modules/cjs/loader.js:1178:10)
    at Object.<anonymous> (F:\Automation\Hybrent3.7.0-RC3\node_modules\append-transform\index.js:64:4)]]>
   </failure>
  </testcase>
 </testsuite>
 <testsuite name="Hybrent Templates Module" timestamp="2021-08-19T12:59:14" hostname="localhost" time="18.783" errors="0" tests="6" skipped="0" disabled="0" failures="0">
  <testcase classname="Hybrent Templates Module" name="Templates List page should open" time="1.865" />
  <testcase classname="Hybrent Templates Module" name="List page should display templates search filter" time="0.05" />
  <testcase classname="Hybrent Templates Module" name="Add Template" time="1.979" />
  <testcase classname="Hybrent Templates Module" name="Add item to newly created template" time="6.006" />
  <testcase classname="Hybrent Templates Module" name="Search template by name" time="3.223" />
  <testcase classname="Hybrent Templates Module" name="delete newly created template" time="5.658" />
 </testsuite>
 <testsuite name="Hybrent Templates Module for scan out" timestamp="2021-08-19T12:59:33" hostname="localhost" time="32.943" errors="0" tests="7" skipped="0" disabled="0" failures="0">
  <testcase classname="Hybrent Templates Module for scan out" name="Templates scanout List page should open" time="0.185" />
  <testcase classname="Hybrent Templates Module for scan out" name="scan out List page should display templates search filter" time="2.078" />
  <testcase classname="Hybrent Templates Module for scan out" name="Add scanout Template" time="1.839" />
  <testcase classname="Hybrent Templates Module for scan out" name="Add item to newly created template" time="9.222" />
  <testcase classname="Hybrent Templates Module for scan out" name="Search template by name" time="7.576" />
  <testcase classname="Hybrent Templates Module for scan out" name="update newly created scanout template" time="4.979" />
  <testcase classname="Hybrent Templates Module for scan out" name="delete newly created scanout template" time="7.064" />
 </testsuite>
 <testsuite name="Hybrent Templates Module for Kit" timestamp="2021-08-19T13:00:06" hostname="localhost" time="44.664" errors="0" tests="8" skipped="0" disabled="0" failures="0">
  <testcase classname="Hybrent Templates Module for Kit" name="Templates Kit page should open" time="4.209" />
  <testcase classname="Hybrent Templates Module for Kit" name="KIt List page should display templates search filter" time="0.093" />
  <testcase classname="Hybrent Templates Module for Kit" name="Add Kit Template" time="1.827" />
  <testcase classname="Hybrent Templates Module for Kit" name="Add item to newly created kit template" time="6.756" />
  <testcase classname="Hybrent Templates Module for Kit" name="Search Kit template by name" time="7.601" />
  <testcase classname="Hybrent Templates Module for Kit" name="update newly created Kit template" time="9.099" />
  <testcase classname="Hybrent Templates Module for Kit" name="make a kit template" time="9.452" />
  <testcase classname="Hybrent Templates Module for Kit" name="delete newly created Kit template" time="5.627" />
 </testsuite>
 <testsuite name="Patient module" timestamp="2021-08-19T13:00:51" hostname="localhost" time="45.827" errors="0" tests="5" skipped="0" disabled="0" failures="0">
  <testcase classname="Patient module" name="Navigate to patient module" time="1.217" />
  <testcase classname="Patient module" name="Verify that search patient By filter appear on patient detail page" time="0.177" />
  <testcase classname="Patient module" name="verify that user is able to add patient by clicking on add patient button" time="8.028" />
  <testcase classname="Patient module" name="Search and update the patient" time="11.258" />
  <testcase classname="Patient module" name="add charges to patient" time="25.145" />
 </testsuite>
 <testsuite name="Hybrent Scan IN Module" timestamp="2021-08-19T13:01:37" hostname="localhost" time="143.15" errors="0" tests="10" skipped="0" disabled="0" failures="0">
  <testcase classname="Hybrent Scan IN Module" name="Open scan in module" time="3.523" />
  <testcase classname="Hybrent Scan IN Module" name="List page should display Scan In filters and refresh button" time="0.12" />
  <testcase classname="Hybrent Scan IN Module" name="Scan In - Search items by item Name, sku, mfr" time="9.041" />
  <testcase classname="Hybrent Scan IN Module" name="Scan In - Add general items for scan In by click on scan In button" time="26.019" />
  <testcase classname="Hybrent Scan IN Module" name="Scan In - Add DME items for scan In by click on scan In button" time="28.078" />
  <testcase classname="Hybrent Scan IN Module" name="add consignment item in scanin" time="23.563" />
  <testcase classname="Hybrent Scan IN Module" name="Scan In - Search general item added for scan in by item Name, sku, mfr" time="8.246" />
  <testcase classname="Hybrent Scan IN Module" name="Scan In - Search consignement item added for scan in by item Name, sku, mfr" time="9.066" />
  <testcase classname="Hybrent Scan IN Module" name="add stock status for vendor stock item" time="20.826" />
  <testcase classname="Hybrent Scan IN Module" name="Scan In items - Complete scan In and item should display on inventory transaction page" time="14.668" />
 </testsuite>
 <testsuite name="Hybrent Scanned IN Module" timestamp="2021-08-19T13:04:00" hostname="localhost" time="3.493" errors="0" tests="5" skipped="0" disabled="0" failures="0">
  <testcase classname="Hybrent Scanned IN Module" name="Open scan in module" time="1.371" />
  <testcase classname="Hybrent Scanned IN Module" name="Verify that Search by and Scanned In by filter should appear on scanned in listing screen" time="0.183" />
  <testcase classname="Hybrent Scanned IN Module" name="Verify that user should able to open scanned in Document screen" time="0.757" />
  <testcase classname="Hybrent Scanned IN Module" name="Verify that Adjust ScanIn, Cancel scanIn and Close button should appear under the drop down on scannedIN detail screen" time="0.693" />
  <testcase classname="Hybrent Scanned IN Module" name="Verify that user should be redirected to scanned In listing screen on clicking close button from scanned In detail page" time="0.487" />
 </testsuite>
 <testsuite name="Hybrent Scanout Module" timestamp="2021-08-19T13:04:03" hostname="localhost" time="120.264" errors="0" tests="11" skipped="0" disabled="0" failures="0">
  <testcase classname="Hybrent Scanout Module" name="Scan Out List page should open" time="4.493" />
  <testcase classname="Hybrent Scanout Module" name="List page should display Scan out filters and refresh button" time="0.063" />
  <testcase classname="Hybrent Scanout Module" name="Scan Out - Search items by item Name, sku, mfr" time="7.933" />
  <testcase classname="Hybrent Scanout Module" name="Scan Out - Add items for scan out by click on scan Out button" time="24" />
  <testcase classname="Hybrent Scanout Module" name="scan Out - delete a single item added in scanout" time="6.8" />
  <testcase classname="Hybrent Scanout Module" name="Scan Out - Again Add items for scan out by click on scan Out button" time="23.895" />
  <testcase classname="Hybrent Scanout Module" name="Scan Out items - Attach stock info" time="4.61" />
  <testcase classname="Hybrent Scanout Module" name="Scan Out items - Remove attached stock info" time="11.874" />
  <testcase classname="Hybrent Scanout Module" name="add amenities item in scanout" time="10.926" />
  <testcase classname="Hybrent Scanout Module" name="scan Out - attach Charge Center for the added item" time="13.854" />
  <testcase classname="Hybrent Scanout Module" name="Scan out items - Complete scan Out and item should display on inventory transaction page" time="11.816" />
 </testsuite>
 <testsuite name="Hybrent Scanout Module" timestamp="2021-08-19T13:06:04" hostname="localhost" time="5.227" errors="0" tests="5" skipped="0" disabled="0" failures="0">
  <testcase classname="Hybrent Scanout Module" name="Scan Out List page should open" time="2.755" />
  <testcase classname="Hybrent Scanout Module" name="List page should display Scanned out document and scanned out by filters" time="0.17" />
  <testcase classname="Hybrent Scanout Module" name="Verify that scanned out document detail page should get open on clicking the document number" time="1.111" />
  <testcase classname="Hybrent Scanout Module" name="Verify that adjust scanout, cancel scanout and Close button should appear under the drop down on scanned out detail screen" time="0.774" />
  <testcase classname="Hybrent Scanout Module" name="Verify that user should be redirected to scanned out listing screen on clicking close button" time="0.417" />
 </testsuite>
 <testsuite name="Hybrent Bill &amp; Replace Module" timestamp="2021-08-19T13:06:09" hostname="localhost" time="31.626" errors="0" tests="4" skipped="0" disabled="0" failures="0">
  <testcase classname="Hybrent Bill &amp; Replace Module" name="Open Bill and Replace module" time="3.397" />
  <testcase classname="Hybrent Bill &amp; Replace Module" name="Verify that add item search filter appear on top of the page" time="0.056" />
  <testcase classname="Hybrent Bill &amp; Replace Module" name="Search item by SKU, MFR and Name " time="8.664" />
  <testcase classname="Hybrent Bill &amp; Replace Module" name="add item for Bill and replace to generate B&amp;R PO" time="19.508" />
 </testsuite>
 <testsuite name="Hybrent ReplenishBin Module" timestamp="2021-08-19T13:06:40" hostname="localhost" time="28.554" errors="0" tests="5" skipped="0" disabled="0" failures="0">
  <testcase classname="Hybrent ReplenishBin Module" name="Open ReplenishBin module" time="4.862" />
  <testcase classname="Hybrent ReplenishBin Module" name="Verify that drop down and search filter appear on the page" time="0.08" />
  <testcase classname="Hybrent ReplenishBin Module" name="Verfiy the user is able to select inventory from the inventory drop down to generate a Replenish Bin PO" time="7.169" />
  <testcase classname="Hybrent ReplenishBin Module" name="Add item to ReplenishBin cart by search filter" time="2.141" />
  <testcase classname="Hybrent ReplenishBin Module" name="Generate Replenish Bin PO" time="14.302" />
 </testsuite>
 <testsuite name="Approve unapproved items" timestamp="2021-08-19T13:07:09" hostname="localhost" time="47.544" errors="0" tests="8" skipped="0" disabled="0" failures="0">
  <testcase classname="Approve unapproved items" name="approve items" time="5.632" />
  <testcase classname="Approve unapproved items" name="select user default facility" time="9.147" />
  <testcase classname="Approve unapproved items" name="verify that search with status and vendor drop down field appear on page" time="0.131" />
  <testcase classname="Approve unapproved items" name="verify that user is able to search item with item name" time="5.159" />
  <testcase classname="Approve unapproved items" name="verify that user is able to search item with sku" time="3.691" />
  <testcase classname="Approve unapproved items" name="verify that user is able to search item with alias" time="4.872" />
  <testcase classname="Approve unapproved items" name="verify that user is able to search item with vendor" time="9.229" />
  <testcase classname="Approve unapproved items" name="Approve item after search" time="9.683" />
 </testsuite>
 <testsuite name="Hybrent Manage Inventory Module" timestamp="2021-08-19T13:07:56" hostname="localhost" time="101.289" errors="0" tests="11" skipped="0" disabled="0" failures="0">
  <testcase classname="Hybrent Manage Inventory Module" name="Manage Inventory page should open" time="1.956" />
  <testcase classname="Hybrent Manage Inventory Module" name="List page should display list of items and manage inventory filters" time="0.22" />
  <testcase classname="Hybrent Manage Inventory Module" name="Search items by Name" time="5.666" />
  <testcase classname="Hybrent Manage Inventory Module" name="Search items by alise" time="4.653" />
  <testcase classname="Hybrent Manage Inventory Module" name="Search items by mfr number" time="4.66" />
  <testcase classname="Hybrent Manage Inventory Module" name="Search items by sku" time="4.61" />
  <testcase classname="Hybrent Manage Inventory Module" name="Vendor filter should display items for selected vendor only." time="7.32" />
  <testcase classname="Hybrent Manage Inventory Module" name="create a test inventory" time="17.427" />
  <testcase classname="Hybrent Manage Inventory Module" name="Transfer Item without track stock transfer" time="30.234" />
  <testcase classname="Hybrent Manage Inventory Module" name="Transfer Item with track stock transfer" time="17.279" />
  <testcase classname="Hybrent Manage Inventory Module" name="Verify that consignment items appear under the vendor stock" time="7.263" />
 </testsuite>
 <testsuite name="Inventory Transfer Module" timestamp="2021-08-19T13:09:38" hostname="localhost" time="20.692" errors="0" tests="6" skipped="1" disabled="0" failures="0">
  <testcase classname="Inventory Transfer Module" name="Open Inventory Transfer" time="4.78" />
  <testcase classname="Inventory Transfer Module" name="verify that user default facility appear selected on ITN listing page" time="0">
   <skipped message="Temporarily disabled with xit" />
  </testcase>
  <testcase classname="Inventory Transfer Module" name="List page should display all search and status filter" time="0.11" />
  <testcase classname="Inventory Transfer Module" name="search newly created ITN through manage inventory" time="4.589" />
  <testcase classname="Inventory Transfer Module" name="open newly created ITN detail page" time="2.291" />
  <testcase classname="Inventory Transfer Module" name="cancel the newly created ITN" time="8.921" />
 </testsuite>
 <testsuite name="Shipment Module" timestamp="2021-08-19T13:09:58" hostname="localhost" time="4.668" errors="0" tests="2" skipped="0" disabled="0" failures="0">
  <testcase classname="Shipment Module" name="Open Shipment module" time="4.541" />
  <testcase classname="Shipment Module" name="List page should display all search and status filter" time="0.127" />
 </testsuite>
 <testsuite name="physician module" timestamp="2021-08-19T13:10:03" hostname="localhost" time="23.82" errors="0" tests="3" skipped="0" disabled="0" failures="0">
  <testcase classname="physician module" name="Add a physician" time="17.034" />
  <testcase classname="physician module" name="verify that physican and facilities filter appear on page" time="0.083" />
  <testcase classname="physician module" name="verify that searching with Physician name, NPI and Facility wise working properly" time="6.703" />
 </testsuite>
 <testsuite name="operating room module" timestamp="2021-08-19T13:10:27" hostname="localhost" time="19.395" errors="0" tests="3" skipped="0" disabled="0" failures="0">
  <testcase classname="operating room module" name="Navigate to operating room" time="4.514" />
  <testcase classname="operating room module" name="List page should display list of items and IC filters" time="0.075" />
  <testcase classname="operating room module" name="add new operating room" time="14.805" />
 </testsuite>
 <testsuite name="Procedure module" timestamp="2021-08-19T13:10:46" hostname="localhost" time="39.699" errors="0" tests="6" skipped="0" disabled="0" failures="0">
  <testcase classname="Procedure module" name="verify that user get redirect to Procedure module on clicking procedure" time="3.675" />
  <testcase classname="Procedure module" name="verify that search filter appear on on procedure detail page" time="1.073" />
  <testcase classname="Procedure module" name="verify that on clicking add procedure button a new window to add procedure get opened" time="2.513" />
  <testcase classname="Procedure module" name="Create New Procedure after opening add procedure window" time="12.76" />
  <testcase classname="Procedure module" name="verify that search functionality working fine on procedure module" time="4.601" />
  <testcase classname="Procedure module" name="verify that user is able to update procedure module" time="15.077" />
 </testsuite>
 <testsuite name="Prefcard module" timestamp="2021-08-19T13:11:26" hostname="localhost" time="36.124" errors="0" tests="4" skipped="0" disabled="0" failures="0">
  <testcase classname="Prefcard module" name="verify that preference card module get opened on clicking prefcard" time="3.672" />
  <testcase classname="Prefcard module" name="verify that search filter and drop down options appear on pref card listing page" time="0.087" />
  <testcase classname="Prefcard module" name="verify that on clicking add Preference card button a new window to add procedure get opened" time="1.463" />
  <testcase classname="Prefcard module" name="verify that user is able to create new pref card from the add pref card window" time="30.902" />
 </testsuite>
 <testsuite name="Planner module" timestamp="2021-08-19T13:12:02" hostname="localhost" time="62.752" errors="0" tests="3" skipped="0" disabled="0" failures="2">
  <testcase classname="Planner module" name="Navigate to planner module" time="3.656" />
  <testcase classname="Planner module" name="verify that user default facility should appear selected on planner module" time="2.095" />
  <testcase classname="Planner module" name="Planner: add Cases." time="56.997">
   <failure type="toContain" message="Expected ElementFinder({ browser_: ProtractorBrowser({ controlFlow: Function, schedule: Function, setFileDetector: Function, getExecutor: Function, getSession: Function, getCapabilities: Function, quit: Function, actions: Function, touchActions: Function, executeScript: Function, executeAsyncScript: Function, call: Function, wait: Function, sleep: Function, getWindowHandle: Function, getAllWindowHandles: Function, getPageSource: Function, close: Function, getCurrentUrl: Function, getTitle: Function, findElementInternal_: Function, findElementsInternal_: Function, takeScreenshot: Function, manage: Function, switchTo: Function, driver: thenableWebDriverProxy({ flow_: ControlFlow::485437
| TaskQueue::485108
| | (pending) Task::485107&lt;Run it(&quot;Planner: add Cases.&quot;) in control flow&gt;
| | | (active) TaskQueue::485111
| | | | Task::485114&lt;WebDriver.sleep(2000)&gt;
| | | | Task::485116&lt;Ignore Synchronization Protractor.waitForAngular()&gt;
| | | | Task::485118&lt;then&gt;
| | | | Task::485120&lt;then&gt;
| | | | Task::485122&lt;then&gt;
| | | | Task::485125&lt;then&gt;
| | | | Task::485127&lt;then&gt;
| | | | Task::485129&lt;then&gt;
| | | | Task::485131&lt;then&gt;
| | | | Task::485133&lt;WebDriver.executeScript()&gt;
| | | | Task::485135&lt;then&gt;
| | | | Task::485137&lt;WebDriver.sleep(2000)&gt;
| | | | Task::485139&lt;Ignore Synchronization Protractor.waitForAngular()&gt;
| | | | Task::485141&lt;then&gt;
| | | | Task::485144&lt;then&gt;
| | | | Task::485146&lt;then&gt;
| | | | Task::485148&lt;then&gt;
| | | | Task::485150&lt;then&gt;
| | | | Task::485152&lt;then&gt;
| | | | Task::485154&lt;then&gt;
| | | | Task::485156&lt;WebDriver.sleep(5000)&gt;
| | | | Task::485158&lt;Ignore Synchronization Protractor.waitForAngular()&gt;
| | | | Task::485160&lt;then&gt;
| | | | Task::485162&lt;then&gt;
| | | | Task::485164&lt;then&gt;
| | | | Task::485166&lt;then&gt;
| | | | Task::485168&lt;then&gt;
| | | | Task::485170&lt;WebDriver.sleep(2000)&gt;
| | | | Task::485172&lt;Ignore Synchronization Protractor.waitForAngular()&gt;
| | | | Task::485174&lt;then&gt;
| | | | Task::485176&lt;then&gt;
| | | | Task::485178&lt;then&gt;
| | | | Task::485180&lt;then&gt;
| | | | Task::485182&lt;then&gt;
| | | | Task::485184&lt;WebDriver.sleep(2000)&gt;
| | | | Task::485186&lt;Ignore Synchronization Protractor.waitForAngular()&gt;
| | | | Task::485188&lt;then&gt;
| | | | Task::485190&lt;then&gt;
| | | | Task::485192&lt;then&gt;
| | | | Task::485194&lt;then&gt;
| | | | Task::485196&lt;then&gt;
| | | | Task::485198&lt;WebDriver.sleep(2000)&gt;
| | | | Task::485200&lt;Ignore Synchronization Protractor.waitForAngular()&gt;
| | | | Task::485202&lt;then&gt;
| | | | Task::485204&lt;then&gt;
| | | | Task::485206&lt;then&gt;
| | | | Task::485208&lt;then&gt;
| | | | Task::485210&lt;then&gt;
| | | | Task::485212&lt;WebDriver.sleep(2000)&gt;
| | | | Task::485214&lt;Ignore Synchronization Protractor.waitForAngular()&gt;
| | | | Task::485216&lt;then&gt;
| | | | Task::485218&lt;then&gt;
| | | | Task::485220&lt;then&gt;
| | | | Task::485222&lt;then&gt;
| | | | Task::485224&lt;then&gt;
| | | | Task::485226&lt;WebDriver.sleep(2000)&gt;
| | | | Task::485228&lt;Ignore Synchronization Protractor.waitForAngular()&gt;
| | | | Task::485230&lt;then&gt;
| | | | Task::485232&lt;then&gt;
| | | | Task::485234&lt;then&gt;
| | | | Task::485236&lt;then&gt;
| | | | Task::485238&lt;then&gt;
| | | | Task::485240&lt;WebDriver.sleep(2000)&gt;
| | | | Task::485242&lt;Ignore Synchronization Protractor.waitForAngular()&gt;
| | | | Task::485244&lt;then&gt;
| | | | Task::485246&lt;then&gt;
| | | | Task::485248&lt;then&gt;
| | | | Task::485250&lt;then&gt;
| | | | Task::485252&lt;then&gt;
| | | | Task::485254&lt;WebDriver.sleep(2000)&gt;
| | | | Task::485256&lt;Ignore Synchronization Protractor.waitForAngular()&gt;
| | | | Task::485258&lt;then&gt;
| | | | Task::485260&lt;then&gt;
| | | | Task::485262&lt;then&gt;
| | | | Task::485264&lt;then&gt;
| | | | Task::485266&lt;then&gt;
| | | | Task::485268&lt;WebDriver.sleep(2000)&gt;
| | | | Task::485270&lt;Ignore Synchronization Protractor.waitForAngular()&gt;
| | | | Task::485272&lt;then&gt;
| | | | Task::485274&lt;then&gt;
| | | | Task::485276&lt;then&gt;
| | | | Task::485278&lt;then&gt;
| | | | Task::485280&lt;then&gt;
| | | | Task::485282&lt;WebDriver.sleep(2000)&gt;
| | | | Task::485284&lt;Ignore Synchronization Protractor.waitForAngular()&gt;
| | | | Task::485286&lt;then&gt;
| | | | Task::485288&lt;then&gt;
| | | | Task::485290&lt;then&gt;
| | | | Task::485292&lt;then&gt;
| | | | Task::485294&lt;then&gt;
| | | | Task::485296&lt;WebDriver.sleep(2000)&gt;
| | | | Task::485298&lt;Ignore Synchronization Protractor.waitForAngular()&gt;
| | | | Task::485300&lt;then&gt;
| | | | Task::485302&lt;then&gt;
| | | | Task::485304&lt;then&gt;
| | | | Task::485306&lt;then&gt;
| | | | Task::485308&lt;then&gt;
| | | | Task::485310&lt;WebDriver.sleep(2000)&gt;
| | | | Task::485312&lt;Ignore Synchronization Protractor.waitForAngular()&gt;
| | | | Task::485314&lt;then&gt;
| | | | Task::485316&lt;then&gt;
| | | | Task::485318&lt;then&gt;
| | | | Task::485320&lt;then&gt;
| | | | Task::485322&lt;then&gt;
| | | | Task::485324&lt;WebDriver.sleep(2000)&gt;
| | | | Task::485326&lt;Ignore Synchronization Protractor.waitForAngular()&gt;
| | | | Task::485328&lt;then&gt;
| | | | Task::485330&lt;then&gt;
| | | | Task::485332&lt;then&gt;
| | | | Task::485334&lt;then&gt;
| | | | Task::485336&lt;then&gt;
| | | | Task::485338&lt;WebDriver.sleep(2000)&gt;
| | | | Task::485340&lt;Ignore Synchronization Protractor.waitForAngular()&gt;
| | | | Task::485342&lt;then&gt;
| | | | Task::485344&lt;then&gt;
| | | | Task::485346&lt;then&gt;
| | | | Task::485348&lt;then&gt;
| | | | Task::485350&lt;then&gt;
| | | | Task::485352&lt;WebDriver.sleep(2000)&gt;
| | | | Task::485354&lt;Ignore Synchronization Protractor.waitForAngular()&gt;
| | | | Task::485356&lt;then&gt;
| | | | Task::485358&lt;then&gt;
| | | | Task::485360&lt;then&gt;
| | | | Task::485362&lt;then&gt;
| | | | Task::485364&lt;then&gt;
| | | | Task::485366&lt;WebDriver.sleep(2000)&gt;
| | | | Task::485368&lt;Ignore Synchronization Protractor.waitForAngular()&gt;
| | | | Task::485370&lt;then&gt;
| | | | Task::485372&lt;then&gt;
| | | | Task::485374&lt;then&gt;
| | | | Task::485376&lt;then&gt;
| | | | Task::485378&lt;then&gt;
| | | | Task::485380&lt;WebDriver.sleep(2000)&gt;
| | | | Task::485382&lt;Ignore Synchronization Protractor.waitForAngular()&gt;
| | | | Task::485384&lt;then&gt;
| | | | Task::485386&lt;then&gt;
| | | | Task::485388&lt;then&gt;
| | | | Task::485390&lt;then&gt;
| | | | Task::485392&lt;then&gt;
| | | | Task::485394&lt;WebDriver.sleep(2000)&gt;
| | | | Task::485396&lt;Ignore Synchronization Protractor.waitForAngular()&gt;
| | | | Task::485398&lt;then&gt;
| | | | Task::485400&lt;then&gt;
| | | | Task::485402&lt;then&gt;
| | | | Task::485404&lt;then&gt;
| | | | Task::485406&lt;then&gt;
| | | | Task::485408&lt;WebDriver.sleep(2000)&gt;
| | | | Task::485410&lt;Ignore Synchronization Protractor.waitForAngular()&gt;
| | | | Task::485412&lt;then&gt;
| | | | Task::485414&lt;then&gt;
| | | | Task::485416&lt;then&gt;
| | | | Task::485418&lt;then&gt;
| | | | Task::485420&lt;then&gt;
| | | | Task::485422&lt;WebDriver.sleep(2000)&gt;
| | | | Task::485424&lt;Ignore Synchronization Protractor.waitForAngular()&gt;
| | | | Task::485426&lt;then&gt;
| | | | Task::485428&lt;then&gt;
| | | | Task::485430&lt;then&gt;
| | | | Task::485432&lt;then&gt;
| | | | Task::485434&lt;then&gt;
| | | | Task::485436&lt;&lt;anonymous wait&gt;&gt;
| | Task::485110&lt;then&gt;, session_: ManagedPromise::4 {[[PromiseStatus]]: &quot;fulfilled&quot;}, executor_: Executor({ w3c: false, customCommands_: Map( [ &apos;launchApp&apos;, Object({ method: &apos;POST&apos;, path: &apos;/session/:sessionId/chromium/launch_app&apos; }) ], [ &apos;getNetworkConditions&apos;, Object({ method: &apos;GET&apos;, path: &apos;/session/:sessionId/chromium/network_conditions&apos; }) ], [ &apos;setNetworkConditions&apos;, Object({ method: &apos;POST&apos;, path: &apos;/session/:sessionId/chromium/network_conditions&apos; }) ], [ &apos;getNetworkConnection&apos;, Object({ method: &apos;GET&apos;, path: &apos;/session/:sessionId/network_connection&apos; }) ], [ &apos;setNetworkConnection&apos;, Object({ method: &apos;POST&apos;, path: &apos;/session/:sessionId/network_connection&apos; }) ], [ &apos;toggleAirplaneMode&apos;, Object({ method: &apos;POST&apos;, path: &apos;/session/:sessionId/appium/device/toggle_airplane_mode&apos; }) ], [ &apos;toggleWiFi&apos;, Object({ method: &apos;POST&apos;, path: &apos;/session/:sessionId/appium/device/toggle_wifi&apos; }) ], [ &apos;toggleData&apos;, Object({ method: &apos;POST&apos;, path: &apos;/session/:sessionId/appium/device/toggle_data&apos; }) ], [ &apos;toggleLocationServices&apos;, Object({ method: &apos;POST&apos;, path: &apos;/session/:sessionId/appium/device/toggle_location_services&apos; }) ], [ &apos;getGeolocation&apos;, Object({ method: &apos;GET&apos;, path: &apos;/session/:sessionId/location&apos; }) ], [ &apos;setGeolocation&apos;, Object({ method: &apos;POST&apos;, path: &apos;/session/:sessionId/location&apos; }) ], [ &apos;getCurrentDeviceActivity&apos;, Object({ method: &apos;GET&apos;, path: &apos;/session/:sessionId/appium/device/current_activity&apos; }) ], [ &apos;startDeviceActivity&apos;, Object({ method: &apos;POST&apos;, path: &apos;/session/:sessionId/appium/device/start_activity&apos; }) ], [ &apos;getAppiumSettings&apos;, Object({ method: &apos;GET&apos;, path: &apos;/session/:sessionId/appium/settings&apos; }) ], [ &apos;setAppiumSettings&apos;, Object({ method: &apos;POST&apos;, path: &apos;/session/:sessionId/appium/settings&apos; }) ], [ &apos;getCurrentContext&apos;, Object({ method: &apos;GET&apos;, path: &apos;/session/:sessionId/context&apos; }) ], [ &apos;selectContext&apos;, Object({ method: &apos;POST&apos;, path: &apos;/session/:sessionId/context&apos; }) ], [ &apos;getScreenOrientation&apos;, Object({ method: &apos;GET&apos;, path: &apos;/session/:sessionId/orientation&apos; }) ], [ &apos;setScreenOrientation&apos;, Object({ method: &apos;POST&apos;, path: &apos;/session/:sessionId/orientation&apos; }) ], [ &apos;isDeviceLocked&apos;, Object({ method: &apos;POST&apos;, path: &apos;/session/:sessionId/appium/device/is_locked&apos; }) ], [ &apos;lockDevice&apos;, Object({ method: &apos;POST&apos;, path: &apos;/session/:sessionId/appium/device/lock&apos; }) ], [ &apos;unlockDevice&apos;, Object({ method: &apos;POST&apos;, path: &apos;/session/:sessionId/appium/device/unlock&apos; }) ], [ &apos;installApp&apos;, Object({ method: &apos;POST&apos;, path: &apos;/session/:sessionId/appium/device/install_app&apos; }) ], [ &apos;isAppInstalled&apos;, Object({ method: &apos;POST&apos;, path: &apos;/session/:sessionId/appium/device/app_installed&apos; }) ], [ &apos;removeApp&apos;, Object({ method: &apos;POST&apos;, path: &apos;/session/:sessionId/appium/device/remove_app&apos; }) ], [ &apos;pullFileFromDevice&apos;, Object({ method: &apos;POST&apos;, path: &apos;/session/:sessionId/appium/device/pull_file&apos; }) ], [ &apos;pullFolderFromDevice&apos;, Object({ method: &apos;POST&apos;, path: &apos;/session/:sessionId/appium/device/pull_folder&apos; }) ], [ &apos;pushFileToDevice&apos;, Object({ method: &apos;POST&apos;, path: &apos;/session/:sessionId/appium/device/push_file&apos; }) ], [ &apos;listContexts&apos;, Object({ method: &apos;GET&apos;, path: &apos;/session/:sessionId/contexts&apos; }) ], [ &apos;uploadFile&apos;, Object({ method: &apos;POST&apos;, path: &apos;/session/:sessionId/file&apos; }) ], [ &apos;switchToParentFrame&apos;, Object({ method: &apos;POST&apos;, path: &apos;/session/:sessionId/frame/parent&apos; }) ], [ &apos;fullscreen&apos;, Object({ method: &apos;POST&apos;, path: &apos;/session/:sessionId/window/fullscreen&apos; }) ], [ &apos;sendAppToBackground&apos;, Object({ method: &apos;POST&apos;, path: &apos;/session/:sessionId/appium/app/background&apos; }) ], [ &apos;closeApp&apos;, Object({ method: &apos;POST&apos;, path: &apos;/session/:sessionId/appium/app/close&apos; }) ], [ &apos;getAppStrings&apos;, Object({ method: &apos;POST&apos;, path: &apos;/session/:sessionId/appium/app/strings&apos; }) ], [ &apos;launchSession&apos;, Object({ method: &apos;POST&apos;, path: &apos;/session/:sessionId/appium/app/launch&apos; }) ], [ &apos;resetApp&apos;, Object({ method: &apos;POST&apos;, path: &apos;/session/:sessionId/appium/app/reset&apos; }) ], [ &apos;hideSoftKeyboard&apos;, Object({ method: &apos;POST&apos;, path: &apos;/session/:sessionId/appium/device/hide_keyboard&apos; }) ], [ &apos;getDeviceTime&apos;, Object({ method: &apos;GET&apos;, path: &apos;/session/:sessionId/appium/device/system_time&apos; }) ], [ &apos;openDeviceNotifications&apos;, Object({ method: &apos;POST&apos;, path: &apos;/session/:sessionId/appium/device/open_notifications&apos; }) ], [ &apos;rotationGesture&apos;, Object({ method: &apos;POST&apos;, path: &apos;/session/:sessionId/appium/device/rotate&apos; }) ], [ &apos;shakeDevice&apos;, Object({ method: &apos;POST&apos;, path: &apos;/session/:sessionId/appium/device/shake&apos; }) ], [ &apos;sendChromiumCommand&apos;, Object({ method: &apos;POST&apos;, path: &apos;/session/:sessionId/chromium/send_command&apos; }) ], [ &apos;sendChromiumCommandAndGetResult&apos;, Object({ method: &apos;POST&apos;, path: &apos;/session/:sessionId/chromium/send_command_and_get_result&apos; }) ] ), log_: Logger({ name_: &apos;webdriver.http.Executor&apos;, level_: null, parent_: Logger({ name_: &apos;webdriver.http&apos;, level_: null, parent_: Logger({ name_: &apos;webdriver&apos;, level_: null, parent_: Logger({ name_: &apos;&apos;, level_: OFF, parent_: null, handlers_: null }), handlers_: null }), handlers_: null }), handlers_: null }) }), fileDetector_: null, onQuit_: undefined, cancel: Function, then: Function, catch: Function, getNetworkConnection: Function, setNetworkConnection: Function, toggleAirplaneMode: Function, toggleWiFi: Function, toggleData: Function, toggleLocationServices: Function, getGeolocation: Function, setGeolocation: Function, getCurrentDeviceActivity: Function, startDeviceActivity: Function, getAppiumSettings: Function, setAppiumSettings: Function, getCurrentContext: Function, selectContext: Function, getScreenOrientation: Function, setScreenOrientation: Function, isDeviceLocked: Function, lockDevice: Function, unlockDevice: Function, installApp: Function, isAppInstalled: Function, removeApp: Function, pullFileFromDevice: Function, pullFolderFromDevice: Function, pushFileToDevice: Function, listContexts: Function, uploadFile: Function, switchToParentFrame: Function, fullscreen: Function, sendAppToBackground: Function, closeApp: Function, getAppStrings: Function, launchSession: Function, resetApp: Function, hideSoftKeyboard: Function, getDeviceTime: Function, openDeviceNotifications: Function, rotationGesture: Function, shakeDevice: Function, sendChromiumCommand: Function, sendChromiumCommandAndGetResult: Function }), element: Function, $: Function, $$: Function, baseUrl: &apos;&apos;, getPageTimeout: 10000, params: Object({ url: &apos;https://qa40.test.hybrent.com/b/#/login/&apos;, user: Object({ username: &apos;sandy&apos;, password: &apos;goouser&apos;, fac_name: &apos;Sunny&apos;, Inv_name: &apos;sunny Inv&apos; }), shop: Object({ sku: &apos;252523-01&apos;, reorderWarningSKU: &apos;21-2967-24&apos;, backOrderWarningSKU: &apos;257074&apos;, discontinueWarningSKU: &apos;21172&apos;, vendor: &apos;PATTERSON DENTAL&apos;, contractPriceWarningSKU: &apos;OFC333&apos;, GPOWarningSKU: &apos;501635&apos;, fac_xpath: &apos;//a[@ng-click=&apos;selectItem();&apos;]&apos; }), userfacility: Object({ defaultfacility: &apos; &apos;, facility_xpath: &apos;//*[@id=&apos;ng-view&apos;]/div/form/div[2]/div/div/div/div[2]/div/div[1]/div/span&apos;, department_xpath: &apos;//*[@id=&apos;ng-view&apos;]/div/form/div[2]/div/div/div/div[2]/div/div[2]/div/span&apos;, Inventory: &apos;//*[@id=&apos;ng-view&apos;]/div/form/div[2]/div/div/div/div[2]/div/div[3]/div/span&apos; }), itemCatalog: Object({ General_item_Name: &apos;General item test for test purpose &apos;, Service_item_name: &apos;Service item for test purpose&apos;, Billonly_item_name: &apos;Bill only item for test purpose&apos;, Freehand_item_name: &apos;Free hand item for test purpose&apos;, Dme_item_name: &apos;Dme&apos;, Dme_Alias: &apos;Dme_alias&apos;, Dme_sku: &apos;DS&apos;, Dme_mfr: &apos;DM&apos;, General_alias: &apos;General alias&apos;, Service_alias: &apos;Service alias&apos;, Billonly_alias: &apos;Billonly alias&apos;, Service_sku: &apos;SS&apos;, General_sku: &apos;GS&apos;, Billonly_sku: &apos;BS&apos;, General_mfrNumber: &apos;General_mfr&apos;, Service_mfrNumber: &apos;service mfr&apos;, Billonly_mfr: &apos;Billonly mfr&apos;, vendor: &apos;PATTERSON DENTAL&apos;, Generalcategory: &apos;TESTING AUTOMATION&apos;, facility: &apos;Life Care Surgery Clinic&apos;, itemForVendorUpdate: &apos;ADAPTER,SOLID PADS&apos;, stockStatus: &apos;In Stock (Local)&apos;, consumptionType: &apos;Piece&apos;, Item_Type: &apos;Inventory&apos;, PO_Number: &apos;Test&apos;, Consignment: &apos;Consignment test item&apos;, Con_sku: &apos;consku&apos;, randNumber: 1629357776607, consignment_Item_Mfr: &apos;conmfr&apos;, consignment_Item_Alias: &apos;calias&apos; }), Templates: Object({ templateName: &apos;template&apos;, scanout_tempate_name: &apos;scanouttemp&apos; }), Physician: Object({ firstname: &apos;robert&apos;, lastname: &apos;mark&apos;, NPI: &apos;NPI&apos; }), OperatingRoom: Object({ OR_Name: &apos;OR&apos; }), Patients: Object({ Patientfac_xpath: &apos;//a[@ng-click=&apos;selectItem();&apos;]&apos;, Patient_fname: &apos;john&apos;, Status: &apos;Active&apos;, repeat: &apos;One Time&apos; }), Procedure: Object({ Procedure_name: &apos;test&apos; }), Prefcard: Object({ Prefcard_name: &apos;test&apos; }), Reports: Object({ from_date: &apos;09/01/2019&apos;, To_date: &apos;09/30/2019&apos; }), GlCode: Object({ code: &apos;test&apos;, Name: &apos;GL&apos; }), department: Object({ mnemonic: &apos;Dep&apos;, Name: &apos;Dpnm&apos; }), Utilities: Object({ import_facility: &apos;Import Facility.&apos;, import_department: &apos;Import Department.&apos;, import_Patient: &apos;Import Patient.&apos;, import_users: &apos;Import User.&apos;, syncmap_item: &apos;Sync/Map items from one facility to other facilities.&apos;, templateutilities: &apos;Template utilities.&apos;, copy_template: &apos;Copy Template.&apos;, Change_temp_owner: &apos;Change Template Owner.&apos;, Assign_remove_vendor_access: &apos;Assign and remove vendor access.&apos;, Download_user_facilities_access: &apos;Download users facilities access.&apos;, Download_user_approval_access: &apos;Download user approval access.&apos;, Assign_user_facility_access: &apos;Assign users facility access.&apos;, Remove_user_facility_access: &apos;Remove users facility access.&apos; }), Identity_Provider: Object({ PO: &apos;PO&apos;, Inventory_Management: &apos;Inventory Management&apos;, Inventory_Transfer: &apos;Inventory Transfer&apos; }), Vendor_price_tier: Object({ Pricetier_name: &apos;PT1&apos;, Price_Percentage: &apos;25&apos;, newpricetier_name: &apos;PT2&apos;, newPrice_percentage: &apos;3&apos;, randompricetier: 3061 }), AR_Code: Object({ Description: &apos;TestAR&apos;, Code: &apos;ARC&apos; }), Payer_Code: Object({ Description: &apos;TestPR&apos; }) }), resetUrl: &apos;data:text/html,&lt;html&gt;&lt;/html&gt;&apos;, ready: ManagedPromise::19 {[[PromiseStatus]]: &quot;fulfilled&quot;}, trackOutstandingTimeouts_: true, mockModules_: [ Object({ name: &apos;protractorBaseModule_&apos;, script: Function, args: [ true ] }) ], ExpectedConditions: ProtractorExpectedConditions({ browser: &lt;circular reference: Object&gt; }), plugins_: Plugins({ setup: Function, onPrepare: Function, teardown: Function, postResults: Function, postTest: Function, onPageLoad: Function, onPageStable: Function, waitForPromise: Function, waitForCondition: Function, pluginObjs: [ protractorUtil({ name: &apos;jasmine2-protractor-utils&apos;, config: Object({ package: &apos;jasmine2-protractor-utils&apos;, disableHTMLReport: true, disableScreenshot: false, screenshotPath: &apos;./screenshots&apos;, screenshotOnExpectFailure: false, screenshotOnSpecFailure: true, clearFoldersBeforeTest: true }), addFailure: Function, addSuccess: Function, addWarning: Function }) ], assertions: Object({  }), resultsReported: false }), allScriptsTimeout: 999999, getProcessedConfig: Function, forkNewDriverInstance: Function, restart: Function, restartSync: Function, internalRootEl: &apos;&apos;, internalIgnoreSynchronization: true }), then: null, parentElementArrayFinder: ElementArrayFinder({ browser_: ProtractorBrowser({ controlFlow: Function, schedule: Function, setFileDetector: Function, getExecutor: Function, getSession: Function, getCapabilities: Function, quit: Function, actions: Function, touchActions: Function, executeScript: Function, executeAsyncScript: Function, call: Function, wait: Function, sleep: Function, getWindowHandle: Function, getAllWindowHandles: Function, getPageSource: Function, close: Function, getCurrentUrl: Function, getTitle: Function, findElementInternal_: Function, findElementsInternal_: Function, takeScreenshot: Function, manage: Function, switchTo: Function, driver: thenableWebDriverProxy({ flow_: ControlFlow::485437
| TaskQueue::485108
| | (pending) Task::485107&lt;Run it(&quot;Planner: add Cases.&quot;) in control flow&gt;
| | | (active) TaskQueue::485111
| | | | Task::485114&lt;WebDriver.sleep(2000)&gt;
| | | | Task::485116&lt;Ignore Synchronization Protractor.waitForAngular()&gt;
| | | | Task::485118&lt;then&gt;
| | | | Task::485120&lt;then&gt;
| | | | Task::485122&lt;then&gt;
| | | | Task::485125&lt;then&gt;
| | | | Task::485127&lt;then&gt;
| | | | Task::485129&lt;then&gt;
| | | | Task::485131&lt;then&gt;
| | | | Task::485133&lt;WebDriver.executeScript()&gt;
| | | | Task::485135&lt;then&gt;
| | | | Task::485137&lt;WebDriver.sleep(2000)&gt;
| | | | Task::485139&lt;Ignore Synchronization Protractor.waitForAngular()&gt;
| | | | Task::485141&lt;then&gt;
| | | | Task::485144&lt;then&gt;
| | | | Task::485146&lt;then&gt;
| | | | Task::485148&lt;then&gt;
| | | | Task::485150&lt;then&gt;
| | | | Task::485152&lt;then&gt;
| | | | Task::485154&lt;then&gt;
| | | | Task::485156&lt;WebDriver.sleep(5000)&gt;
| | | | Task::485158&lt;Ignore Synchronization Protractor.waitForAngular()&gt;
| | | | Task::485160&lt;then&gt;
| | | | Task::485162&lt;then&gt;
| | | | Task::485164&lt;then&gt;
| | | | Task::485166&lt;then&gt;
| | | | Task::485168&lt;then&gt;
| | | | Task::485170&lt;WebDriver.sleep(2000)&gt;
| | | | Task::485172&lt;Ignore Synchronization Protractor.waitForAngular()&gt;
| | | | Task::485174&lt;then&gt;
| | | | Task::485176&lt;then&gt;
| | | | Task::485178&lt;then&gt;
| | | | Task::485180&lt;then&gt;
| | | | Task::485182&lt;then&gt;
| | | | Task::485184&lt;WebDriver.sleep(2000)&gt;
| | | | Task::485186&lt;Ignore Synchronization Protractor.waitForAngular()&gt;
| | | | Task::485188&lt;then&gt;
| | | | Task::485190&lt;then&gt;
| | | | Task::485192&lt;then&gt;
| | | | Task::485194&lt;then&gt;
| | | | Task::485196&lt;then&gt;
| | | | Task::485198&lt;WebDriver.sleep(2000)&gt;
| | | | Task::485200&lt;Ignore Synchronization Protractor.waitForAngular()&gt;
| | | | Task::485202&lt;then&gt;
| | | | Task::485204&lt;then&gt;
| | | | Task::485206&lt;then&gt;
| | | | Task::485208&lt;then&gt;
| | | | Task::485210&lt;then&gt;
| | | | Task::485212&lt;WebDriver.sleep(2000)&gt;
| | | | Task::485214&lt;Ignore Synchronization Protractor.waitForAngular()&gt;
| | | | Task::485216&lt;then&gt;
| | | | Task::485218&lt;then&gt;
| | | | Task::485220&lt;then&gt;
| | | | Task::485222&lt;then&gt;
| | | | Task::485224&lt;then&gt;
| | | | Task::485226&lt;WebDriver.sleep(2000)&gt;
| | | | Task::485228&lt;Ignore Synchronization Protractor.waitForAngular()&gt;
| | | | Task::485230&lt;then&gt;
| | | | Task::485232&lt;then&gt;
| | | | Task::485234&lt;then&gt;
| | | | Task::485236&lt;then&gt;
| | | | Task::485238&lt;then&gt;
| | | | Task::485240&lt;WebDriver.sleep(2000)&gt;
| | | | Task::485242&lt;Ignore Synchronization Protractor.waitForAngular()&gt;
| | | | Task::485244&lt;then&gt;
| | | | Task::485246&lt;then&gt;
| | | | Task::485248&lt;then&gt;
| | | | Task::485250&lt;then&gt;
| | | | Task::485252&lt;then&gt;
| | | | Task::485254&lt;WebDriver.sleep(2000)&gt;
| | | | Task::485256&lt;Ignore Synchronization Protractor.waitForAngular()&gt;
| | | | Task::485258&lt;then&gt;
| | | | Task::485260&lt;then&gt;
| | | | Task::485262&lt;then&gt;
| | | | Task::485264&lt;then&gt;
| | | | Task::485266&lt;then&gt;
| | | | Task::485268&lt;WebDriver.sleep(2000)&gt;
| | | | Task::485270&lt;Ignore Synchronization Protractor.waitForAngular()&gt;
| | | | Task::485272&lt;then&gt;
| | | | Task::485274&lt;then&gt;
| | | | Task::485276&lt;then&gt;
| | | | Task::485278&lt;then&gt;
| | | | Task::485280&lt;then&gt;
| | | | Task::485282&lt;WebDriver.sleep(2000)&gt;
| | | | Task::485284&lt;Ignore Synchronization Protractor.waitForAngular()&gt;
| | | | Task::485286&lt;then&gt;
| | | | Task::485288&lt;then&gt;
| | | | Task::485290&lt;then&gt;
| | | | Task::485292&lt;then&gt;
| | | | Task::485294&lt;then&gt;
| | | | Task::485296&lt;WebDriver.sleep(2000)&gt;
| | | | Task::485298&lt;Ignore Synchronization Protractor.waitForAngular()&gt;
| | | | Task::485300&lt;then&gt;
| | | | Task::485302&lt;then&gt;
| | | | Task::485304&lt;then&gt;
| | | | Task::485306&lt;then&gt;
| | | | Task::485308&lt;then&gt;
| | | | Task::485310&lt;WebDriver.sleep(2000)&gt;
| | | | Task::485312&lt;Ignore Synchronization Protractor.waitForAngular()&gt;
| | | | Task::485314&lt;then&gt;
| | | | Task::485316&lt;then&gt;
| | | | Task::485318&lt;then&gt;
| | | | Task::485320&lt;then&gt;
| | | | Task::485322&lt;then&gt;
| | | | Task::485324&lt;WebDriver.sleep(2000)&gt;
| | | | Task::485326&lt;Ignore Synchronization Protractor.waitForAngular()&gt;
| | | | Task::485328&lt;then&gt;
| | | | Task::485330&lt;then&gt;
| | | | Task::485332&lt;then&gt;
| | | | Task::485334&lt;then&gt;
| | | | Task::485336&lt;then&gt;
| | | | Task::485338&lt;WebDriver.sleep(2000)&gt;
| | | | Task::485340&lt;Ignore Synchronization Protractor.waitForAngular()&gt;
| | | | Task::485342&lt;then&gt;
| | | | Task::485344&lt;then&gt;
| | | | Task::485346&lt;then&gt;
| | | | Task::485348&lt;then&gt;
| | | | Task::485350&lt;then&gt;
| | | | Task::485352&lt;WebDriver.sleep(2000)&gt;
| | | | Task::485354&lt;Ignore Synchronization Protractor.waitForAngular()&gt;
| | | | Task::485356&lt;then&gt;
| | | | Task::485358&lt;then&gt;
| | | | Task::485360&lt;then&gt;
| | | | Task::485362&lt;then&gt;
| | | | Task::485364&lt;then&gt;
| | | | Task::485366&lt;WebDriver.sleep(2000)&gt;
| | | | Task::485368&lt;Ignore Synchronization Protractor.waitForAngular()&gt;
| | | | Task::485370&lt;then&gt;
| | | | Task::485372&lt;then&gt;
| | | | Task::485374&lt;then&gt;
| | | | Task::485376&lt;then&gt;
| | | | Task::485378&lt;then&gt;
| | | | Task::485380&lt;WebDriver.sleep(2000)&gt;
| | | | Task::485382&lt;Ignore Synchronization Protractor.waitForAngular()&gt;
| | | | Task::485384&lt;then&gt;
| | | | Task::485386&lt;then&gt;
| | | | Task::485388&lt;then&gt;
| | | | Task::485390&lt;then&gt;
| | | | Task::485392&lt;then&gt;
| | | | Task::485394&lt;WebDriver.sleep(2000)&gt;
| | | | Task::485396&lt;Ignore Synchronization Protractor.waitForAngular()&gt;
| | | | Task::485398&lt;then&gt;
| | | | Task::485400&lt;then&gt;
| | | | Task::485402&lt;then&gt;
| | | | Task::485404&lt;then&gt;
| | | | Task::485406&lt;then&gt;
| | | | Task::485408&lt;WebDriver.sleep(2000)&gt;
| | | | Task::485410&lt;Ignore Synchronization Protractor.waitForAngular()&gt;
| | | | Task::485412&lt;then&gt;
| | | | Task::485414&lt;then&gt;
| | | | Task::485416&lt;then&gt;
| | | | Task::485418&lt;then&gt;
| | | | Task::485420&lt;then&gt;
| | | | Task::485422&lt;WebDriver.sleep(2000)&gt;
| | | | Task::485424&lt;Ignore Synchronization Protractor.waitForAngular()&gt;
| | | | Task::485426&lt;then&gt;
| | | | Task::485428&lt;then&gt;
| | | | Task::485430&lt;then&gt;
| | | | Task::485432&lt;then&gt;
| | | | Task::485434&lt;then&gt;
| | | | Task::485436&lt;&lt;anonymous wait&gt;&gt;
| | Task::485110&lt;then&gt;, session_: ManagedPromise::4 {[[PromiseStatus]]: &quot;fulfilled&quot;}, executor_: Executor({ w3c: false, customCommands_: Map( [ &apos;launchApp&apos;, Object({ method: &apos;POST&apos;, path: &apos;/session/:sessionId/chromium/launch_app&apos; }) ], [ &apos;getNetworkConditions&apos;, Object({ method: &apos;GET&apos;, path: &apos;/session/:sessionId/chromium/network_conditions&apos; }) ], [ &apos;setNetworkConditions&apos;, Object({ method: &apos;POST&apos;, path: &apos;/session/:sessionId/chromium/network_conditions&apos; }) ], [ &apos;getNetworkConnection&apos;, Object({ method: &apos;GET&apos;, path: &apos;/session/:sessionId/network_connection&apos; }) ], [ &apos;setNetworkConnection&apos;, Object({ method: &apos;POST&apos;, path: &apos;/session/:sessionId/network_connection&apos; }) ], [ &apos;toggleAirplaneMode&apos;, Object({ method: &apos;POST&apos;, path: &apos;/session/:sessionId/appium/device/toggle_airplane_mode&apos; }) ], [ &apos;toggleWiFi&apos;, Object({ method: &apos;POST&apos;, path: &apos;/session/:sessionId/appium/device/toggle_wifi&apos; }) ], [ &apos;toggleData&apos;, Object({ method: &apos;POST&apos;, path: &apos;/session/:sessionId/appium/device/toggle_data&apos; }) ], [ &apos;toggleLocationServices&apos;, Object({ method: &apos;POST&apos;, path: &apos;/session/:sessionId/appium/device/toggle_location_services&apos; }) ], [ &apos;getGeolocation&apos;, Object({ method: &apos;GET&apos;, path: &apos;/session/:sessionId/location&apos; }) ], [ &apos;setGeolocation&apos;, Object({ method: &apos;POST&apos;, path: &apos;/session/:sessionId/location&apos; }) ], [ &apos;getCurrentDeviceActivity&apos;, Object({ method: &apos;GET&apos;, path: &apos;/session/:sessionId/appium/device/current_activity&apos; }) ], [ &apos;startDeviceActivity&apos;, Object({ method: &apos;POST&apos;, path: &apos;/session/:sessionId/appium/device/start_activity&apos; }) ], [ &apos;getAppiumSettings&apos;, Object({ method: &apos;GET&apos;, path: &apos;/session/:sessionId/appium/settings&apos; }) ], [ &apos;setAppiumSettings&apos;, Object({ method: &apos;POST&apos;, path: &apos;/session/:sessionId/appium/settings&apos; }) ], [ &apos;getCurrentContext&apos;, Object({ method: &apos;GET&apos;, path: &apos;/session/:sessionId/context&apos; }) ], [ &apos;selectContext&apos;, Object({ method: &apos;POST&apos;, path: &apos;/session/:sessionId/context&apos; }) ], [ &apos;getScreenOrientation&apos;, Object({ method: &apos;GET&apos;, path: &apos;/session/:sessionId/orientation&apos; }) ], [ &apos;setScreenOrientation&apos;, Object({ method: &apos;POST&apos;, path: &apos;/session/:sessionId/orientation&apos; }) ], [ &apos;isDeviceLocked&apos;, Object({ method: &apos;POST&apos;, path: &apos;/session/:sessionId/appium/device/is_locked&apos; }) ], [ &apos;lockDevice&apos;, Object({ method: &apos;POST&apos;, path: &apos;/session/:sessionId/appium/device/lock&apos; }) ], [ &apos;unlockDevice&apos;, Object({ method: &apos;POST&apos;, path: &apos;/session/:sessionId/appium/device/unlock&apos; }) ], [ &apos;installApp&apos;, Object({ method: &apos;POST&apos;, path: &apos;/session/:sessionId/appium/device/install_app&apos; }) ], [ &apos;isAppInstalled&apos;, Object({ method: &apos;POST&apos;, path: &apos;/session/:sessionId/appium/device/app_installed&apos; }) ], [ &apos;removeApp&apos;, Object({ method: &apos;POST&apos;, path: &apos;/session/:sessionId/appium/device/remove_app&apos; }) ], [ &apos;pullFileFromDevice&apos;, Object({ method: &apos;POST&apos;, path: &apos;/session/:sessionId/appium/device/pull_file&apos; }) ], [ &apos;pullFolderFromDevice&apos;, Object({ method: &apos;POST&apos;, path: &apos;/session/:sessionId/appium/device/pull_folder&apos; }) ], [ &apos;pushFileToDevice&apos;, Object({ method: &apos;POST&apos;, path: &apos;/session/:sessionId/appium/device/push_file&apos; }) ], [ &apos;listContexts&apos;, Object({ method: &apos;GET&apos;, path: &apos;/session/:sessionId/contexts&apos; }) ], [ &apos;uploadFile&apos;, Object({ method: &apos;POST&apos;, path: &apos;/session/:sessionId/file&apos; }) ], [ &apos;switchToParentFrame&apos;, Object({ method: &apos;POST&apos;, path: &apos;/session/:sessionId/frame/parent&apos; }) ], [ &apos;fullscreen&apos;, Object({ method: &apos;POST&apos;, path: &apos;/session/:sessionId/window/fullscreen&apos; }) ], [ &apos;sendAppToBackground&apos;, Object({ method: &apos;POST&apos;, path: &apos;/session/:sessionId/appium/app/background&apos; }) ], [ &apos;closeApp&apos;, Object({ method: &apos;POST&apos;, path: &apos;/session/:sessionId/appium/app/close&apos; }) ], [ &apos;getAppStrings&apos;, Object({ method: &apos;POST&apos;, path: &apos;/session/:sessionId/appium/app/strings&apos; }) ], [ &apos;launchSession&apos;, Object({ method: &apos;POST&apos;, path: &apos;/session/:sessionId/appium/app/launch&apos; }) ], [ &apos;resetApp&apos;, Object({ method: &apos;POST&apos;, path: &apos;/session/:sessionId/appium/app/reset&apos; }) ], [ &apos;hideSoftKeyboard&apos;, Object({ method: &apos;POST&apos;, path: &apos;/session/:sessionId/appium/device/hide_keyboard&apos; }) ], [ &apos;getDeviceTime&apos;, Object({ method: &apos;GET&apos;, path: &apos;/session/:sessionId/appium/device/system_time&apos; }) ], [ &apos;openDeviceNotifications&apos;, Object({ method: &apos;POST&apos;, path: &apos;/session/:sessionId/appium/device/open_notifications&apos; }) ], [ &apos;rotationGesture&apos;, Object({ method: &apos;POST&apos;, path: &apos;/session/:sessionId/appium/device/rotate&apos; }) ], [ &apos;shakeDevice&apos;, Object({ method: &apos;POST&apos;, path: &apos;/session/:sessionId/appium/device/shake&apos; }) ], [ &apos;sendChromiumCommand&apos;, Object({ method: &apos;POST&apos;, path: &apos;/session/:sessionId/chromium/send_command&apos; }) ], [ &apos;sendChromiumCommandAndGetResult&apos;, Object({ method: &apos;POST&apos;, path: &apos;/session/:sessionId/chromium/send_command_and_get_result&apos; }) ] ), log_: Logger({ name_: &apos;webdriver.http.Executor&apos;, level_: null, parent_: Logger({ name_: &apos;webdriver.http&apos;, level_: null, parent_: Logger({ name_: &apos;webdriver&apos;, level_: null, parent_: Logger({ name_: &apos;&apos;, level_: OFF, parent_: null, handlers_: null }), handlers_: null }), handlers_: null }), handlers_: null }) }), fileDetector_: null, onQuit_: undefined, cancel: Function, then: Function, catch: Function, getNetworkConnection: Function, setNetworkConnection: Function, toggleAirplaneMode: Function, toggleWiFi: Function, toggleData: Function, toggleLocationServices: Function, getGeolocation: Function, setGeolocation: Function, getCurrentDeviceActivity: Function, startDeviceActivity: Function, getAppiumSettings: Function, setAppiumSettings: Function, getCurrentContext: Function, selectContext: Function, getScreenOrientation: Function, setScreenOrientation: Function, isDeviceLocked: Function, lockDevice: Function, unlockDevice: Function, installApp: Function, isAppInstalled: Function, removeApp: Function, pullFileFromDevice: Function, pullFolderFromDevice: Function, pushFileToDevice: Function, listContexts: Function, uploadFile: Function, switchToParentFrame: Function, fullscreen: Function, sendAppToBackground: Function, closeApp: Function, getAppStrings: Function, launchSession: Function, resetApp: Function, hideSoftKeyboard: Function, getDeviceTime: Function, openDeviceNotifications: Function, rotationGesture: Function, shakeDevice: Function, sendChromiumCommand: Function, sendChromiumCommandAndGetResult: Function }), element: Function, $: Function, $$: Function, baseUrl: &apos;&apos;, getPageTimeout: 10000, params: Object({ url: &apos;https://qa40.test.hybrent.com/b/#/login/&apos;, user: Object({ username: &apos;sandy&apos;, password: &apos;goouser&apos;, fac_name: &apos;Sunny&apos;, Inv_name: &apos;sunny Inv&apos; }), shop: Object({ sku: &apos;252523-01&apos;, reorderWarningSKU: &apos;21-2967-24&apos;, backOrderWarningSKU: &apos;257074&apos;, discontinueWarningSKU: &apos;21172&apos;, vendor: &apos;PATTERSON DENTAL&apos;, contractPriceWarningSKU: &apos;OFC333&apos;, GPOWarningSKU: &apos;501635&apos;, fac_xpath: &apos;//a[@ng-click=&apos;selectItem();&apos;]&apos; }), userfacility: Object({ defaultfacility: &apos; &apos;, facility_xpath: &apos;//*[@id=&apos;ng-view&apos;]/div/form/div[2]/div/div/div/div[2]/div/div[1]/div/span&apos;, department_xpath: &apos;//*[@id=&apos;ng-view&apos;]/div/form/div[2]/div/div/div/div[2]/div/div[2]/div/span&apos;, Inventory: &apos;//*[@id=&apos;ng-view&apos;]/div/form/div[2]/div/div/div/div[2]/div/div[3]/div/span&apos; }), itemCatalog: Object({ General_item_Name: &apos;General item test for test purpose &apos;, Service_item_name: &apos;Service item for test purpose&apos;, Billonly_item_name: &apos;Bill only item for test purpose&apos;, Freehand_item_name: &apos;Free hand item for test purpose&apos;, Dme_item_name: &apos;Dme&apos;, Dme_Alias: &apos;Dme_alias&apos;, Dme_sku: &apos;DS&apos;, Dme_mfr: &apos;DM&apos;, General_alias: &apos;General alias&apos;, Service_alias: &apos;Service alias&apos;, Billonly_alias: &apos;Billonly alias&apos;, Service_sku: &apos;SS&apos;, General_sku: &apos;GS&apos;, Billonly_sku: &apos;BS&apos;, General_mfrNumber: &apos;General_mfr&apos;, Service_mfrNumber: &apos;service mfr&apos;, Billonly_mfr: &apos;Billonly mfr&apos;, vendor: &apos;PATTERSON DENTAL&apos;, Generalcategory: &apos;TESTING AUTOMATION&apos;, facility: &apos;Life Care Surgery Clinic&apos;, itemForVendorUpdate: &apos;ADAPTER,SOLID PADS&apos;, stockStatus: &apos;In Stock (Local)&apos;, consumptionType: &apos;Piece&apos;, Item_Type: &apos;Inventory&apos;, PO_Number: &apos;Test&apos;, Consignment: &apos;Consignment test item&apos;, Con_sku: &apos;consku&apos;, randNumber: 1629357776607, consignment_Item_Mfr: &apos;conmfr&apos;, consignment_Item_Alias: &apos;calias&apos; }), Templates: Object({ templateName: &apos;template&apos;, scanout_tempate_name: &apos;scanouttemp&apos; }), Physician: Object({ firstname: &apos;robert&apos;, lastname: &apos;mark&apos;, NPI: &apos;NPI&apos; }), OperatingRoom: Object({ OR_Name: &apos;OR&apos; }), Patients: Object({ Patientfac_xpath: &apos;//a[@ng-click=&apos;selectItem();&apos;]&apos;, Patient_fname: &apos;john&apos;, Status: &apos;Active&apos;, repeat: &apos;One Time&apos; }), Procedure: Object({ Procedure_name: &apos;test&apos; }), Prefcard: Object({ Prefcard_name: &apos;test&apos; }), Reports: Object({ from_date: &apos;09/01/2019&apos;, To_date: &apos;09/30/2019&apos; }), GlCode: Object({ code: &apos;test&apos;, Name: &apos;GL&apos; }), department: Object({ mnemonic: &apos;Dep&apos;, Name: &apos;Dpnm&apos; }), Utilities: Object({ import_facility: &apos;Import Facility.&apos;, import_department: &apos;Import Department.&apos;, import_Patient: &apos;Import Patient.&apos;, import_users: &apos;Import User.&apos;, syncmap_item: &apos;Sync/Map items from one facility to other facilities.&apos;, templateutilities: &apos;Template utilities.&apos;, copy_template: &apos;Copy Template.&apos;, Change_temp_owner: &apos;Change Template Owner.&apos;, Assign_remove_vendor_access: &apos;Assign and remove vendor access.&apos;, Download_user_facilities_access: &apos;Download users facilities access.&apos;, Download_user_approval_access: &apos;Download user approval access.&apos;, Assign_user_facility_access: &apos;Assign users facility access.&apos;, Remove_user_facility_access: &apos;Remove users facility access.&apos; }), Identity_Provider: Object({ PO: &apos;PO&apos;, Inventory_Management: &apos;Inventory Management&apos;, Inventory_Transfer: &apos;Inventory Transfer&apos; }), Vendor_price_tier: Object({ Pricetier_name: &apos;PT1&apos;, Price_Percentage: &apos;25&apos;, newpricetier_name: &apos;PT2&apos;, newPrice_percentage: &apos;3&apos;, randompricetier: 3061 }), AR_Code: Object({ Description: &apos;TestAR&apos;, Code: &apos;ARC&apos; }), Payer_Code: Object({ Description: &apos;TestPR&apos; }) }), resetUrl: &apos;data:text/html,&lt;html&gt;&lt;/html&gt;&apos;, ready: ManagedPromise::19 {[[PromiseStatus]]: &quot;fulfilled&quot;}, trackOutstandingTimeouts_: true, mockModules_: [ Object({ name: &apos;protractorBaseModule_&apos;, script: Function, args: [ true ] }) ], ExpectedConditions: ProtractorExpectedConditions({ browser: &lt;circular reference: Object&gt; }), plugins_: Plugins({ setup: Function, onPrepare: Function, teardown: Function, postResults: Function, postTest: Function, onPageLoad: Function, onPageStable: Function, waitForPromise: Function, waitForCondition: Function, pluginObjs: [ protractorUtil({ name: &apos;jasmine2-protractor-utils&apos;, config: Object({ package: &apos;jasmine2-protractor-utils&apos;, disableHTMLReport: true, disableScreenshot: false, screenshotPath: &apos;./screenshots&apos;, screenshotOnExpectFailure: false, screenshotOnSpecFailure: true, clearFoldersBeforeTest: true }), addFailure: Function, addSuccess: Function, addWarning: Function }) ], assertions: Object({  }), resultsReported: false }), allScriptsTimeout: 999999, getProcessedConfig: Function, forkNewDriverInstance: Function, restart: Function, restartSync: Function, internalRootEl: &apos;&apos;, internalIgnoreSynchronization: true }), getWebElements: Function, locator_: By(css selector, .toast-message), actionResults_: null, click: Function, sendKeys: Function, getTagName: Function, getCssValue: Function, getAttribute: Function, getText: Function, getSize: Function, getLocation: Function, isEnabled: Function, isSelected: Function, submit: Function, clear: Function, isDisplayed: Function, getId: Function, takeScreenshot: Function }), elementArrayFinder_: ElementArrayFinder({ browser_: ProtractorBrowser({ controlFlow: Function, schedule: Function, setFileDetector: Function, getExecutor: Function, getSession: Function, getCapabilities: Function, quit: Function, actions: Function, touchActions: Function, executeScript: Function, executeAsyncScript: Function, call: Function, wait: Function, sleep: Function, getWindowHandle: Function, getAllWindowHandles: Function, getPageSource: Function, close: Function, getCurrentUrl: Function, getTitle: Function, findElementInternal_: Function, findElementsInternal_: Function, takeScreenshot: Function, manage: Function, switchTo: Function, driver: thenableWebDriverProxy({ flow_: ControlFlow::485437
| TaskQueue::485108
| | (pending) Task::485107&lt;Run it(&quot;Planner: add Cases.&quot;) in control flow&gt;
| | | (active) TaskQueue::485111
| | | | Task::485114&lt;WebDriver.sleep(2000)&gt;
| | | | Task::485116&lt;Ignore Synchronization Protractor.waitForAngular()&gt;
| | | | Task::485118&lt;then&gt;
| | | | Task::485120&lt;then&gt;
| | | | Task::485122&lt;then&gt;
| | | | Task::485125&lt;then&gt;
| | | | Task::485127&lt;then&gt;
| | | | Task::485129&lt;then&gt;
| | | | Task::485131&lt;then&gt;
| | | | Task::485133&lt;WebDriver.executeScript()&gt;
| | | | Task::485135&lt;then&gt;
| | | | Task::485137&lt;WebDriver.sleep(2000)&gt;
| | | | Task::485139&lt;Ignore Synchronization Protractor.waitForAngular()&gt;
| | | | Task::485141&lt;then&gt;
| | | | Task::485144&lt;then&gt;
| | | | Task::485146&lt;then&gt;
| | | | Task::485148&lt;then&gt;
| | | | Task::485150&lt;then&gt;
| | | | Task::485152&lt;then&gt;
| | | | Task::485154&lt;then&gt;
| | | | Task::485156&lt;WebDriver.sleep(5000)&gt;
| | | | Task::485158&lt;Ignore Synchronization Protractor.waitForAngular()&gt;
| | | | Task::485160&lt;then&gt;
| | | | Task::485162&lt;then&gt;
| | | | Task::485164&lt;then&gt;
| | | | Task::485166&lt;then&gt;
| | | | Task::485168&lt;then&gt;
| | | | Task::485170&lt;WebDriver.sleep(2000)&gt;
| | | | Task::485172&lt;Ignore Synchronization Protractor.waitForAngular()&gt;
| | | | Task::485174&lt;then&gt;
| | | | Task::485176&lt;then&gt;
| | | | Task::485178&lt;then&gt;
| | | | Task::485180&lt;then&gt;
| | | | Task::485182&lt;then&gt;
| | | | Task::485184&lt;WebDriver.sleep(2000)&gt;
| | | | Task::485186&lt;Ignore Synchronization Protractor.waitForAngular()&gt;
| | | | Task::485188&lt;then&gt;
| | | | Task::485190&lt;then&gt;
| | | | Task::485192&lt;then&gt;
| | | | Task::485194&lt;then&gt;
| | | | Task::485196&lt;then&gt;
| | | | Task::485198&lt;WebDriver.sleep(2000)&gt;
| | | | Task::485200&lt;Ignore Synchronization Protractor.waitForAngular()&gt;
| | | | Task::485202&lt;then&gt;
| | | | Task::485204&lt;then&gt;
| | | | Task::485206&lt;then&gt;
| | | | Task::485208&lt;then&gt;
| | | | Task::485210&lt;then&gt;
| | | | Task::485212&lt;WebDriver.sleep(2000)&gt;
| | | | Task::485214&lt;Ignore Synchronization Protractor.waitForAngular()&gt;
| | | | Task::485216&lt;then&gt;
| | | | Task::485218&lt;then&gt;
| | | | Task::485220&lt;then&gt;
| | | | Task::485222&lt;then&gt;
| | | | Task::485224&lt;then&gt;
| | | | Task::485226&lt;WebDriver.sleep(2000)&gt;
| | | | Task::485228&lt;Ignore Synchronization Protractor.waitForAngular()&gt;
| | | | Task::485230&lt;then&gt;
| | | | Task::485232&lt;then&gt;
| | | | Task::485234&lt;then&gt;
| | | | Task::485236&lt;then&gt;
| | | | Task::485238&lt;then&gt;
| | | | Task::485240&lt;WebDriver.sleep(2000)&gt;
| | | | Task::485242&lt;Ignore Synchronization Protractor.waitForAngular()&gt;
| | | | Task::485244&lt;then&gt;
| | | | Task::485246&lt;then&gt;
| | | | Task::485248&lt;then&gt;
| | | | Task::485250&lt;then&gt;
| | | | Task::485252&lt;then&gt;
| | | | Task::485254&lt;WebDriver.sleep(2000)&gt;
| | | | Task::485256&lt;Ignore Synchronization Protractor.waitForAngular()&gt;
| | | | Task::485258&lt;then&gt;
| | | | Task::485260&lt;then&gt;
| | | | Task::485262&lt;then&gt;
| | | | Task::485264&lt;then&gt;
| | | | Task::485266&lt;then&gt;
| | | | Task::485268&lt;WebDriver.sleep(2000)&gt;
| | | | Task::485270&lt;Ignore Synchronization Protractor.waitForAngular()&gt;
| | | | Task::485272&lt;then&gt;
| | | | Task::485274&lt;then&gt;
| | | | Task::485276&lt;then&gt;
| | | | Task::485278&lt;then&gt;
| | | | Task::485280&lt;then&gt;
| | | | Task::485282&lt;WebDriver.sleep(2000)&gt;
| | | | Task::485284&lt;Ignore Synchronization Protractor.waitForAngular()&gt;
| | | | Task::485286&lt;then&gt;
| | | | Task::485288&lt;then&gt;
| | | | Task::485290&lt;then&gt;
| | | | Task::485292&lt;then&gt;
| | | | Task::485294&lt;then&gt;
| | | | Task::485296&lt;WebDriver.sleep(2000)&gt;
| | | | Task::485298&lt;Ignore Synchronization Protractor.waitForAngular()&gt;
| | | | Task::485300&lt;then&gt;
| | | | Task::485302&lt;then&gt;
| | | | Task::485304&lt;then&gt;
| | | | Task::485306&lt;then&gt;
| | | | Task::485308&lt;then&gt;
| | | | Task::485310&lt;WebDriver.sleep(2000)&gt;
| | | | Task::485312&lt;Ignore Synchronization Protractor.waitForAngular()&gt;
| | | | Task::485314&lt;then&gt;
| | | | Task::485316&lt;then&gt;
| | | | Task::485318&lt;then&gt;
| | | | Task::485320&lt;then&gt;
| | | | Task::485322&lt;then&gt;
| | | | Task::485324&lt;WebDriver.sleep(2000)&gt;
| | | | Task::485326&lt;Ignore Synchronization Protractor.waitForAngular()&gt;
| | | | Task::485328&lt;then&gt;
| | | | Task::485330&lt;then&gt;
| | | | Task::485332&lt;then&gt;
| | | | Task::485334&lt;then&gt;
| | | | Task::485336&lt;then&gt;
| | | | Task::485338&lt;WebDriver.sleep(2000)&gt;
| | | | Task::485340&lt;Ignore Synchronization Protractor.waitForAngular()&gt;
| | | | Task::485342&lt;then&gt;
| | | | Task::485344&lt;then&gt;
| | | | Task::485346&lt;then&gt;
| | | | Task::485348&lt;then&gt;
| | | | Task::485350&lt;then&gt;
| | | | Task::485352&lt;WebDriver.sleep(2000)&gt;
| | | | Task::485354&lt;Ignore Synchronization Protractor.waitForAngular()&gt;
| | | | Task::485356&lt;then&gt;
| | | | Task::485358&lt;then&gt;
| | | | Task::485360&lt;then&gt;
| | | | Task::485362&lt;then&gt;
| | | | Task::485364&lt;then&gt;
| | | | Task::485366&lt;WebDriver.sleep(2000)&gt;
| | | | Task::485368&lt;Ignore Synchronization Protractor.waitForAngular()&gt;
| | | | Task::485370&lt;then&gt;
| | | | Task::485372&lt;then&gt;
| | | | Task::485374&lt;then&gt;
| | | | Task::485376&lt;then&gt;
| | | | Task::485378&lt;then&gt;
| | | | Task::485380&lt;WebDriver.sleep(2000)&gt;
| | | | Task::485382&lt;Ignore Synchronization Protractor.waitForAngular()&gt;
| | | | Task::485384&lt;then&gt;
| | | | Task::485386&lt;then&gt;
| | | | Task::485388&lt;then&gt;
| | | | Task::485390&lt;then&gt;
| | | | Task::485392&lt;then&gt;
| | | | Task::485394&lt;WebDriver.sleep(2000)&gt;
| | | | Task::485396&lt;Ignore Synchronization Protractor.waitForAngular()&gt;
| | | | Task::485398&lt;then&gt;
| | | | Task::485400&lt;then&gt;
| | | | Task::485402&lt;then&gt;
| | | | Task::485404&lt;then&gt;
| | | | Task::485406&lt;then&gt;
| | | | Task::485408&lt;WebDriver.sleep(2000)&gt;
| | | | Task::485410&lt;Ignore Synchronization Protractor.waitForAngular()&gt;
| | | | Task::485412&lt;then&gt;
| | | | Task::485414&lt;then&gt;
| | | | Task::485416&lt;then&gt;
| | | | Task::485418&lt;then&gt;
| | | | Task::485420&lt;then&gt;
| | | | Task::485422&lt;WebDriver.sleep(2000)&gt;
| | | | Task::485424&lt;Ignore Synchronization Protractor.waitForAngular()&gt;
| | | | Task::485426&lt;then&gt;
| | | | Task::485428&lt;then&gt;
| | | | Task::485430&lt;then&gt;
| | | | Task::485432&lt;then&gt;
| | | | Task::485434&lt;then&gt;
| | | | Task::485436&lt;&lt;anonymous wait&gt;&gt;
| | Task::485110&lt;then&gt;, session_: ManagedPromise::4 {[[PromiseStatus]]: &quot;fulfilled&quot;}, executor_: Executor({ w3c: false, customCommands_: Map( [ &apos;launchApp&apos;, Object({ method: &apos;POST&apos;, path: &apos;/session/:sessionId/chromium/launch_app&apos; }) ], [ &apos;getNetworkConditions&apos;, Object({ method: &apos;GET&apos;, path: &apos;/session/:sessionId/chromium/network_conditions&apos; }) ], [ &apos;setNetworkConditions&apos;, Object({ method: &apos;POST&apos;, path: &apos;/session/:sessionId/chromium/network_conditions&apos; }) ], [ &apos;getNetworkConnection&apos;, Object({ method: &apos;GET&apos;, path: &apos;/session/:sessionId/network_connection&apos; }) ], [ &apos;setNetworkConnection&apos;, Object({ method: &apos;POST&apos;, path: &apos;/session/:sessionId/network_connection&apos; }) ], [ &apos;toggleAirplaneMode&apos;, Object({ method: &apos;POST&apos;, path: &apos;/session/:sessionId/appium/device/toggle_airplane_mode&apos; }) ], [ &apos;toggleWiFi&apos;, Object({ method: &apos;POST&apos;, path: &apos;/session/:sessionId/appium/device/toggle_wifi&apos; }) ], [ &apos;toggleData&apos;, Object({ method: &apos;POST&apos;, path: &apos;/session/:sessionId/appium/device/toggle_data&apos; }) ], [ &apos;toggleLocationServices&apos;, Object({ method: &apos;POST&apos;, path: &apos;/session/:sessionId/appium/device/toggle_location_services&apos; }) ], [ &apos;getGeolocation&apos;, Object({ method: &apos;GET&apos;, path: &apos;/session/:sessionId/location&apos; }) ], [ &apos;setGeolocation&apos;, Object({ method: &apos;POST&apos;, path: &apos;/session/:sessionId/location&apos; }) ], [ &apos;getCurrentDeviceActivity&apos;, Object({ method: &apos;GET&apos;, path: &apos;/session/:sessionId/appium/device/current_activity&apos; }) ], [ &apos;startDeviceActivity&apos;, Object({ method: &apos;POST&apos;, path: &apos;/session/:sessionId/appium/device/start_activity&apos; }) ], [ &apos;getAppiumSettings&apos;, Object({ method: &apos;GET&apos;, path: &apos;/session/:sessionId/appium/settings&apos; }) ], [ &apos;setAppiumSettings&apos;, Object({ method: &apos;POST&apos;, path: &apos;/session/:sessionId/appium/settings&apos; }) ], [ &apos;getCurrentContext&apos;, Object({ method: &apos;GET&apos;, path: &apos;/session/:sessionId/context&apos; }) ], [ &apos;selectContext&apos;, Object({ method: &apos;POST&apos;, path: &apos;/session/:sessionId/context&apos; }) ], [ &apos;getScreenOrientation&apos;, Object({ method: &apos;GET&apos;, path: &apos;/session/:sessionId/orientation&apos; }) ], [ &apos;setScreenOrientation&apos;, Object({ method: &apos;POST&apos;, path: &apos;/session/:sessionId/orientation&apos; }) ], [ &apos;isDeviceLocked&apos;, Object({ method: &apos;POST&apos;, path: &apos;/session/:sessionId/appium/device/is_locked&apos; }) ], [ &apos;lockDevice&apos;, Object({ method: &apos;POST&apos;, path: &apos;/session/:sessionId/appium/device/lock&apos; }) ], [ &apos;unlockDevice&apos;, Object({ method: &apos;POST&apos;, path: &apos;/session/:sessionId/appium/device/unlock&apos; }) ], [ &apos;installApp&apos;, Object({ method: &apos;POST&apos;, path: &apos;/session/:sessionId/appium/device/install_app&apos; }) ], [ &apos;isAppInstalled&apos;, Object({ method: &apos;POST&apos;, path: &apos;/session/:sessionId/appium/device/app_installed&apos; }) ], [ &apos;removeApp&apos;, Object({ method: &apos;POST&apos;, path: &apos;/session/:sessionId/appium/device/remove_app&apos; }) ], [ &apos;pullFileFromDevice&apos;, Object({ method: &apos;POST&apos;, path: &apos;/session/:sessionId/appium/device/pull_file&apos; }) ], [ &apos;pullFolderFromDevice&apos;, Object({ method: &apos;POST&apos;, path: &apos;/session/:sessionId/appium/device/pull_folder&apos; }) ], [ &apos;pushFileToDevice&apos;, Object({ method: &apos;POST&apos;, path: &apos;/session/:sessionId/appium/device/push_file&apos; }) ], [ &apos;listContexts&apos;, Object({ method: &apos;GET&apos;, path: &apos;/session/:sessionId/contexts&apos; }) ], [ &apos;uploadFile&apos;, Object({ method: &apos;POST&apos;, path: &apos;/session/:sessionId/file&apos; }) ], [ &apos;switchToParentFrame&apos;, Object({ method: &apos;POST&apos;, path: &apos;/session/:sessionId/frame/parent&apos; }) ], [ &apos;fullscreen&apos;, Object({ method: &apos;POST&apos;, path: &apos;/session/:sessionId/window/fullscreen&apos; }) ], [ &apos;sendAppToBackground&apos;, Object({ method: &apos;POST&apos;, path: &apos;/session/:sessionId/appium/app/background&apos; }) ], [ &apos;closeApp&apos;, Object({ method: &apos;POST&apos;, path: &apos;/session/:sessionId/appium/app/close&apos; }) ], [ &apos;getAppStrings&apos;, Object({ method: &apos;POST&apos;, path: &apos;/session/:sessionId/appium/app/strings&apos; }) ], [ &apos;launchSession&apos;, Object({ method: &apos;POST&apos;, path: &apos;/session/:sessionId/appium/app/launch&apos; }) ], [ &apos;resetApp&apos;, Object({ method: &apos;POST&apos;, path: &apos;/session/:sessionId/appium/app/reset&apos; }) ], [ &apos;hideSoftKeyboard&apos;, Object({ method: &apos;POST&apos;, path: &apos;/session/:sessionId/appium/device/hide_keyboard&apos; }) ], [ &apos;getDeviceTime&apos;, Object({ method: &apos;GET&apos;, path: &apos;/session/:sessionId/appium/device/system_time&apos; }) ], [ &apos;openDeviceNotifications&apos;, Object({ method: &apos;POST&apos;, path: &apos;/session/:sessionId/appium/device/open_notifications&apos; }) ], [ &apos;rotationGesture&apos;, Object({ method: &apos;POST&apos;, path: &apos;/session/:sessionId/appium/device/rotate&apos; }) ], [ &apos;shakeDevice&apos;, Object({ method: &apos;POST&apos;, path: &apos;/session/:sessionId/appium/device/shake&apos; }) ], [ &apos;sendChromiumCommand&apos;, Object({ method: &apos;POST&apos;, path: &apos;/session/:sessionId/chromium/send_command&apos; }) ], [ &apos;sendChromiumCommandAndGetResult&apos;, Object({ method: &apos;POST&apos;, path: &apos;/session/:sessionId/chromium/send_command_and_get_result&apos; }) ] ), log_: Logger({ name_: &apos;webdriver.http.Executor&apos;, level_: null, parent_: Logger({ name_: &apos;webdriver.http&apos;, level_: null, parent_: Logger({ name_: &apos;webdriver&apos;, level_: null, parent_: Logger({ name_: &apos;&apos;, level_: OFF, parent_: null, handlers_: null }), handlers_: null }), handlers_: null }), handlers_: null }) }), fileDetector_: null, onQuit_: undefined, cancel: Function, then: Function, catch: Function, getNetworkConnection: Function, setNetworkConnection: Function, toggleAirplaneMode: Function, toggleWiFi: Function, toggleData: Function, toggleLocationServices: Function, getGeolocation: Function, setGeolocation: Function, getCurrentDeviceActivity: Function, startDeviceActivity: Function, getAppiumSettings: Function, setAppiumSettings: Function, getCurrentContext: Function, selectContext: Function, getScreenOrientation: Function, setScreenOrientation: Function, isDeviceLocked: Function, lockDevice: Function, unlockDevice: Function, installApp: Function, isAppInstalled: Function, removeApp: Function, pullFileFromDevice: Function, pullFolderFromDevice: Function, pushFileToDevice: Function, listContexts: Function, uploadFile: Function, switchToParentFrame: Function, fullscreen: Function, sendAppToBackground: Function, closeApp: Function, getAppStrings: Function, launchSession: Function, resetApp: Function, hideSoftKeyboard: Function, getDeviceTime: Function, openDeviceNotifications: Function, rotationGesture: Function, shakeDevice: Function, sendChromiumCommand: Function, sendChromiumCommandAndGetResult: Function }), element: Function, $: Function, $$: Function, baseUrl: &apos;&apos;, getPageTimeout: 10000, params: Object({ url: &apos;https://qa40.test.hybrent.com/b/#/login/&apos;, user: Object({ username: &apos;sandy&apos;, password: &apos;goouser&apos;, fac_name: &apos;Sunny&apos;, Inv_name: &apos;sunny Inv&apos; }), shop: Object({ sku: &apos;252523-01&apos;, reorderWarningSKU: &apos;21-2967-24&apos;, backOrderWarningSKU: &apos;257074&apos;, discontinueWarningSKU: &apos;21172&apos;, vendor: &apos;PATTERSON DENTAL&apos;, contractPriceWarningSKU: &apos;OFC333&apos;, GPOWarningSKU: &apos;501635&apos;, fac_xpath: &apos;//a[@ng-click=&apos;selectItem();&apos;]&apos; }), userfacility: Object({ defaultfacility: &apos; &apos;, facility_xpath: &apos;//*[@id=&apos;ng-view&apos;]/div/form/div[2]/div/div/div/div[2]/div/div[1]/div/span&apos;, department_xpath: &apos;//*[@id=&apos;ng-view&apos;]/div/form/div[2]/div/div/div/div[2]/div/div[2]/div/span&apos;, Inventory: &apos;//*[@id=&apos;ng-view&apos;]/div/form/div[2]/div/div/div/div[2]/div/div[3]/div/span&apos; }), itemCatalog: Object({ General_item_Name: &apos;General item test for test purpose &apos;, Service_item_name: &apos;Service item for test purpose&apos;, Billonly_item_name: &apos;Bill only item for test purpose&apos;, Freehand_item_name: &apos;Free hand item for test purpose&apos;, Dme_item_name: &apos;Dme&apos;, Dme_Alias: &apos;Dme_alias&apos;, Dme_sku: &apos;DS&apos;, Dme_mfr: &apos;DM&apos;, General_alias: &apos;General alias&apos;, Service_alias: &apos;Service alias&apos;, Billonly_alias: &apos;Billonly alias&apos;, Service_sku: &apos;SS&apos;, General_sku: &apos;GS&apos;, Billonly_sku: &apos;BS&apos;, General_mfrNumber: &apos;General_mfr&apos;, Service_mfrNumber: &apos;service mfr&apos;, Billonly_mfr: &apos;Billonly mfr&apos;, vendor: &apos;PATTERSON DENTAL&apos;, Generalcategory: &apos;TESTING AUTOMATION&apos;, facility: &apos;Life Care Surgery Clinic&apos;, itemForVendorUpdate: &apos;ADAPTER,SOLID PADS&apos;, stockStatus: &apos;In Stock (Local)&apos;, consumptionType: &apos;Piece&apos;, Item_Type: &apos;Inventory&apos;, PO_Number: &apos;Test&apos;, Consignment: &apos;Consignment test item&apos;, Con_sku: &apos;consku&apos;, randNumber: 1629357776607, consignment_Item_Mfr: &apos;conmfr&apos;, consignment_Item_Alias: &apos;calias&apos; }), Templates: Object({ templateName: &apos;template&apos;, scanout_tempate_name: &apos;scanouttemp&apos; }), Physician: Object({ firstname: &apos;robert&apos;, lastname: &apos;mark&apos;, NPI: &apos;NPI&apos; }), OperatingRoom: Object({ OR_Name: &apos;OR&apos; }), Patients: Object({ Patientfac_xpath: &apos;//a[@ng-click=&apos;selectItem();&apos;]&apos;, Patient_fname: &apos;john&apos;, Status: &apos;Active&apos;, repeat: &apos;One Time&apos; }), Procedure: Object({ Procedure_name: &apos;test&apos; }), Prefcard: Object({ Prefcard_name: &apos;test&apos; }), Reports: Object({ from_date: &apos;09/01/2019&apos;, To_date: &apos;09/30/2019&apos; }), GlCode: Object({ code: &apos;test&apos;, Name: &apos;GL&apos; }), department: Object({ mnemonic: &apos;Dep&apos;, Name: &apos;Dpnm&apos; }), Utilities: Object({ import_facility: &apos;Import Facility.&apos;, import_department: &apos;Import Department.&apos;, import_Patient: &apos;Import Patient.&apos;, import_users: &apos;Import User.&apos;, syncmap_item: &apos;Sync/Map items from one facility to other facilities.&apos;, templateutilities: &apos;Template utilities.&apos;, copy_template: &apos;Copy Template.&apos;, Change_temp_owner: &apos;Change Template Owner.&apos;, Assign_remove_vendor_access: &apos;Assign and remove vendor access.&apos;, Download_user_facilities_access: &apos;Download users facilities access.&apos;, Download_user_approval_access: &apos;Download user approval access.&apos;, Assign_user_facility_access: &apos;Assign users facility access.&apos;, Remove_user_facility_access: &apos;Remove users facility access.&apos; }), Identity_Provider: Object({ PO: &apos;PO&apos;, Inventory_Management: &apos;Inventory Management&apos;, Inventory_Transfer: &apos;Inventory Transfer&apos; }), Vendor_price_tier: Object({ Pricetier_name: &apos;PT1&apos;, Price_Percentage: &apos;25&apos;, newpricetier_name: &apos;PT2&apos;, newPrice_percentage: &apos;3&apos;, randompricetier: 3061 }), AR_Code: Object({ Description: &apos;TestAR&apos;, Code: &apos;ARC&apos; }), Payer_Code: Object({ Description: &apos;TestPR&apos; }) }), resetUrl: &apos;data:text/html,&lt;html&gt;&lt;/html&gt;&apos;, ready: ManagedPromise::19 {[[PromiseStatus]]: &quot;fulfilled&quot;}, trackOutstandingTimeouts_: true, mockModules_: [ Object({ name: &apos;protractorBaseModule_&apos;, script: Function, args: [ true ] }) ], ExpectedConditions: ProtractorExpectedConditions({ browser: &lt;circular reference: Object&gt; }), plugins_: Plugins({ setup: Function, onPrepare: Function, teardown: Function, postResults: Function, postTest: Function, onPageLoad: Function, onPageStable: Function, waitForPromise: Function, waitForCondition: Function, pluginObjs: [ protractorUtil({ name: &apos;jasmine2-protractor-utils&apos;, config: Object({ package: &apos;jasmine2-protractor-utils&apos;, disableHTMLReport: true, disableScreenshot: false, screenshotPath: &apos;./screenshots&apos;, screenshotOnExpectFailure: false, screenshotOnSpecFailure: true, clearFoldersBeforeTest: true }), addFailure: Function, addSuccess: Function, addWarning: Function }) ], assertions: Object({  }), resultsReported: false }), allScriptsTimeout: 999999, getProcessedConfig: Function, forkNewDriverInstance: Function, restart: Function, restartSync: Function, internalRootEl: &apos;&apos;, internalIgnoreSynchronization: true }), getWebElements: Function, locator_: By(css selector, .toast-message), actionResults_: null, click: Function, sendKeys: Function, getTagName: Function, getCssValue: Function, getAttribute: Function, getText: Function, getSize: Function, getLocation: Function, isEnabled: Function, isSelected: Function, submit: Function, clear: Function, isDisplayed: Function, getId: Function, takeScreenshot: Function }), click: Function, sendKeys: Function, getTagName: Function, getCssValue: Function, getAttribute: Function, getText: Function, getSize: Function, getLocation: Function, isEnabled: Function, isSelected: Function, submit: Function, clear: Function, isDisplayed: Function, getId: Function, takeScreenshot: Function }) to contain &apos;successfully created for patient &quot;john&quot;.&apos;."><![CDATA[Error: Failed expectation
    at UserContext.<anonymous> (F:\Automation\Hybrent3.7.0-RC3\Testcases\Preference_Card\D_Planner.js:2:5675)
    at C:\Users\sandy\AppData\Roaming\npm\node_modules\protractor\node_modules\jasminewd2\index.js:112:25
    at new ManagedPromise (C:\Users\sandy\AppData\Roaming\npm\node_modules\protractor\node_modules\selenium-webdriver\lib\promise.js:1077:7)
    at ControlFlow.promise (C:\Users\sandy\AppData\Roaming\npm\node_modules\protractor\node_modules\selenium-webdriver\lib\promise.js:2505:12)
    at schedulerExecute (C:\Users\sandy\AppData\Roaming\npm\node_modules\protractor\node_modules\jasminewd2\index.js:95:18)
    at TaskQueue.execute_ (C:\Users\sandy\AppData\Roaming\npm\node_modules\protractor\node_modules\selenium-webdriver\lib\promise.js:3084:14)
    at TaskQueue.executeNext_ (C:\Users\sandy\AppData\Roaming\npm\node_modules\protractor\node_modules\selenium-webdriver\lib\promise.js:3067:27)
    at C:\Users\sandy\AppData\Roaming\npm\node_modules\protractor\node_modules\selenium-webdriver\lib\promise.js:2974:25
    at C:\Users\sandy\AppData\Roaming\npm\node_modules\protractor\node_modules\selenium-webdriver\lib\promise.js:668:7]]>
   </failure>
   <failure type="exception" message="Failed: Cannot read property &apos;indexOf&apos; of null"><![CDATA[TypeError: Cannot read property 'indexOf' of null
    at C:\Users\sandy\AppData\Roaming\npm\node_modules\protractor\built\expectedConditions.js:233:35
    at C:\Users\sandy\AppData\Roaming\npm\node_modules\protractor\built\element.js:804:32
    at ManagedPromise.invokeCallback_ (C:\Users\sandy\AppData\Roaming\npm\node_modules\protractor\node_modules\selenium-webdriver\lib\promise.js:1376:14)
    at TaskQueue.execute_ (C:\Users\sandy\AppData\Roaming\npm\node_modules\protractor\node_modules\selenium-webdriver\lib\promise.js:3084:14)
    at TaskQueue.executeNext_ (C:\Users\sandy\AppData\Roaming\npm\node_modules\protractor\node_modules\selenium-webdriver\lib\promise.js:3067:27)
    at C:\Users\sandy\AppData\Roaming\npm\node_modules\protractor\node_modules\selenium-webdriver\lib\promise.js:2927:27
    at C:\Users\sandy\AppData\Roaming\npm\node_modules\protractor\node_modules\selenium-webdriver\lib\promise.js:668:7
    at runMicrotasks (<anonymous>)
    at processTicksAndRejections (internal/process/task_queues.js:97:5)
From: Task: <anonymous>
    at Timeout.pollCondition [as _onTimeout] (C:\Users\sandy\AppData\Roaming\npm\node_modules\protractor\node_modules\selenium-webdriver\lib\promise.js:2195:19)
    at listOnTimeout (internal/timers.js:549:17)
    at processTimers (internal/timers.js:492:7)
From: Task: <anonymous wait>
    at scheduleWait (C:\Users\sandy\AppData\Roaming\npm\node_modules\protractor\node_modules\selenium-webdriver\lib\promise.js:2188:20)
    at ControlFlow.wait (C:\Users\sandy\AppData\Roaming\npm\node_modules\protractor\node_modules\selenium-webdriver\lib\promise.js:2517:12)
    at thenableWebDriverProxy.wait (C:\Users\sandy\AppData\Roaming\npm\node_modules\protractor\node_modules\selenium-webdriver\lib\webdriver.js:934:29)
    at run (C:\Users\sandy\AppData\Roaming\npm\node_modules\protractor\built\browser.js:58:33)
    at ProtractorBrowser.to.<computed> [as wait] (C:\Users\sandy\AppData\Roaming\npm\node_modules\protractor\built\browser.js:66:16)
    at UserContext.<anonymous> (F:\Automation\Hybrent3.7.0-RC3\Testcases\Preference_Card\D_Planner.js:2:5513)
    at C:\Users\sandy\AppData\Roaming\npm\node_modules\protractor\node_modules\jasminewd2\index.js:112:25
    at new ManagedPromise (C:\Users\sandy\AppData\Roaming\npm\node_modules\protractor\node_modules\selenium-webdriver\lib\promise.js:1077:7)
    at ControlFlow.promise (C:\Users\sandy\AppData\Roaming\npm\node_modules\protractor\node_modules\selenium-webdriver\lib\promise.js:2505:12)
    at schedulerExecute (C:\Users\sandy\AppData\Roaming\npm\node_modules\protractor\node_modules\jasminewd2\index.js:95:18)
From: Task: Run it("Planner: add Cases.") in control flow
    at UserContext.<anonymous> (C:\Users\sandy\AppData\Roaming\npm\node_modules\protractor\node_modules\jasminewd2\index.js:94:19)
    at attempt (C:\Users\sandy\AppData\Roaming\npm\node_modules\protractor\node_modules\jasmine-core\lib\jasmine-core\jasmine.js:4297:26)
    at QueueRunner.run (C:\Users\sandy\AppData\Roaming\npm\node_modules\protractor\node_modules\jasmine-core\lib\jasmine-core\jasmine.js:4217:20)
    at runNext (C:\Users\sandy\AppData\Roaming\npm\node_modules\protractor\node_modules\jasmine-core\lib\jasmine-core\jasmine.js:4257:20)
    at C:\Users\sandy\AppData\Roaming\npm\node_modules\protractor\node_modules\jasmine-core\lib\jasmine-core\jasmine.js:4264:13
    at C:\Users\sandy\AppData\Roaming\npm\node_modules\protractor\node_modules\jasmine-core\lib\jasmine-core\jasmine.js:4172:9
    at C:\Users\sandy\AppData\Roaming\npm\node_modules\protractor\node_modules\jasminewd2\index.js:64:48
    at ControlFlow.emit (C:\Users\sandy\AppData\Roaming\npm\node_modules\protractor\node_modules\selenium-webdriver\lib\events.js:62:21)
    at ControlFlow.shutdown_ (C:\Users\sandy\AppData\Roaming\npm\node_modules\protractor\node_modules\selenium-webdriver\lib\promise.js:2674:10)
    at C:\Users\sandy\AppData\Roaming\npm\node_modules\protractor\node_modules\selenium-webdriver\lib\promise.js:2599:53
From asynchronous test: 
Error
    at Suite.<anonymous> (F:\Automation\Hybrent3.7.0-RC3\Testcases\Preference_Card\D_Planner.js:2:2071)
    at addSpecsToSuite (C:\Users\sandy\AppData\Roaming\npm\node_modules\protractor\node_modules\jasmine-core\lib\jasmine-core\jasmine.js:1107:25)
    at Env.describe (C:\Users\sandy\AppData\Roaming\npm\node_modules\protractor\node_modules\jasmine-core\lib\jasmine-core\jasmine.js:1074:7)
    at describe (C:\Users\sandy\AppData\Roaming\npm\node_modules\protractor\node_modules\jasmine-core\lib\jasmine-core\jasmine.js:4399:18)
    at Object.<anonymous> (F:\Automation\Hybrent3.7.0-RC3\Testcases\Preference_Card\D_Planner.js:2:211)
    at Module._compile (internal/modules/cjs/loader.js:1158:30)
    at Module.replacementCompile (F:\Automation\Hybrent3.7.0-RC3\node_modules\append-transform\index.js:60:13)
    at Module._extensions..js (internal/modules/cjs/loader.js:1178:10)
    at Object.<anonymous> (F:\Automation\Hybrent3.7.0-RC3\node_modules\append-transform\index.js:64:4)]]>
   </failure>
  </testcase>
 </testsuite>
 <testsuite name="Picklist module" timestamp="2021-08-19T13:13:05" hostname="localhost" time="69.629" errors="0" tests="6" skipped="0" disabled="0" failures="0">
  <testcase classname="Picklist module" name="Navigate to picklist module" time="2.88" />
  <testcase classname="Picklist module" name="Verify that all search and drop down filter appear on the pick list page" time="0.192" />
  <testcase classname="Picklist module" name="Search newly created case" time="32.288" />
  <testcase classname="Picklist module" name="open and add normal notes in newly created case" time="11.974" />
  <testcase classname="Picklist module" name="increase item qty and attach stock info " time="12.244" />
  <testcase classname="Picklist module" name="move case to execute case" time="10.049" />
 </testsuite>
 <testsuite name="Execute Case module" timestamp="2021-08-19T13:14:15" hostname="localhost" time="52.444" errors="0" tests="4" skipped="0" disabled="0" failures="0">
  <testcase classname="Execute Case module" name="Navigate to Execute case module" time="2.303" />
  <testcase classname="Execute Case module" name="Verify that all search and drop down filter appear on the execute case page" time="0.179" />
  <testcase classname="Execute Case module" name="Search and open newly created case" time="34.036" />
  <testcase classname="Execute Case module" name="increase item hold qty and move case to complete case" time="15.92" />
 </testsuite>
 <testsuite name="All Cases module" timestamp="2021-08-19T13:15:07" hostname="localhost" time="7.189" errors="0" tests="3" skipped="0" disabled="0" failures="0">
  <testcase classname="All Cases module" name="Navigate to All cases module" time="2.368" />
  <testcase classname="All Cases module" name="Verify that all search and drop down filter appear on the All case page" time="0.231" />
  <testcase classname="All Cases module" name="Search and open newly created case" time="4.59" />
 </testsuite>
 <testsuite name="Hybrent Out Of stock Module" timestamp="2021-08-19T13:15:14" hostname="localhost" time="4.541" errors="0" tests="1" skipped="0" disabled="0" failures="0">
  <testcase classname="Hybrent Out Of stock Module" name="Out Of stock page should open" time="4.54" />
 </testsuite>
 <testsuite name="Application Settings Audit Log" timestamp="2021-08-19T13:15:19" hostname="localhost" time="8.678" errors="0" tests="3" skipped="0" disabled="0" failures="0">
  <testcase classname="Application Settings Audit Log" name="Open Application Settings Audit Log module" time="2.701" />
  <testcase classname="Application Settings Audit Log" name="Verify that search filter should appear on Application Settings Audit Log screen" time="0.083" />
  <testcase classname="Application Settings Audit Log" name="Verify that sorting should work properly for Updated At field on Application Settings Audit Log" time="5.878" />
 </testsuite>
 <testsuite name="Application Settings" timestamp="2021-08-19T13:15:27" hostname="localhost" time="162.146" errors="0" tests="38" skipped="0" disabled="0" failures="0">
  <testcase classname="Application Settings" name="Open Application Settings module" time="2.548" />
  <testcase classname="Application Settings" name="Verify that all the application settings should appear on the screen" time="2.634" />
  <testcase classname="Application Settings" name="Verify that general settings should appear on the general setting screen" time="0.187" />
  <testcase classname="Application Settings" name="Verify that user should able to update the general setting by clicking update button" time="6.426" />
  <testcase classname="Application Settings" name="Verify that all settings should appear on Order Settings screen" time="2.769" />
  <testcase classname="Application Settings" name="Verify that user should able to update the Order Settings by clicking update button" time="6.59" />
  <testcase classname="Application Settings" name="Verify that all settings should appear on Cart Settings screen" time="2.426" />
  <testcase classname="Application Settings" name="Verify that user should able to update the Cart Settings by clicking update button" time="6.449" />
  <testcase classname="Application Settings" name="Verify that all settings should appear on Facility Settings screen" time="2.441" />
  <testcase classname="Application Settings" name="Verify that user should able to update the Facility Settings by clicking update button" time="6.398" />
  <testcase classname="Application Settings" name="Verify that all settings should appear on Department Settings screen" time="2.387" />
  <testcase classname="Application Settings" name="Verify that user should able to update the Department Settings by clicking update button" time="6.417" />
  <testcase classname="Application Settings" name="Verify that all settings should appear on Contract Settings screen" time="2.532" />
  <testcase classname="Application Settings" name="Verify that user should able to update the Contract Settings by clicking update button" time="6.429" />
  <testcase classname="Application Settings" name="Verify that all settings should appear on Claim Settings screen" time="2.411" />
  <testcase classname="Application Settings" name="Verify that user should able to update the Claim Settings by clicking update button" time="6.377" />
  <testcase classname="Application Settings" name="Verify that all settings should appear on User Settings screen" time="2.38" />
  <testcase classname="Application Settings" name="Verify that user should able to update the User Settings by clicking update button" time="6.473" />
  <testcase classname="Application Settings" name="Verify that all settings should appear on News Settings screen" time="2.356" />
  <testcase classname="Application Settings" name="Verify that user should able to update the News Settings by clicking update button" time="6.312" />
  <testcase classname="Application Settings" name="Verify that all settings should appear on Dashboard Settings screen" time="2.516" />
  <testcase classname="Application Settings" name="Verify that user should able to update the Dashboard Settings by clicking update button" time="6.358" />
  <testcase classname="Application Settings" name="Verify that all settings should appear on Auth Settings screen" time="2.414" />
  <testcase classname="Application Settings" name="Verify that user should able to update the Auth Settings by clicking update button" time="6.367" />
  <testcase classname="Application Settings" name="Verify that all settings should appear on Billing Reports Settings screen" time="2.493" />
  <testcase classname="Application Settings" name="Verify that user should able to update the Billing Reports Settings by clicking update button" time="6.324" />
  <testcase classname="Application Settings" name="Verify that all settings should appear on Patient Settings screen" time="2.368" />
  <testcase classname="Application Settings" name="Verify that user should able to update the Patient Settings by clicking update button" time="6.391" />
  <testcase classname="Application Settings" name="Verify that all settings should appear on Case Settings screen" time="2.406" />
  <testcase classname="Application Settings" name="Verify that user should able to update the Case Settings by clicking update button" time="6.457" />
  <testcase classname="Application Settings" name="Verify that all settings should appear on Item Catalog Settings screen" time="2.433" />
  <testcase classname="Application Settings" name="Verify that user should able to update the Item Catalog Settings by clicking update button" time="6.342" />
  <testcase classname="Application Settings" name="Verify that all settings should appear on Invoice Settings screen" time="2.392" />
  <testcase classname="Application Settings" name="Verify that user should able to update the Invoice Settings by clicking update button" time="6.349" />
  <testcase classname="Application Settings" name="Verify that all settings should appear on Shop Settings screen" time="2.4" />
  <testcase classname="Application Settings" name="Verify that user should able to update the Shop Settings by clicking update button" time="6.386" />
  <testcase classname="Application Settings" name="Verify that all settings should appear on Inventory Settings screen" time="2.402" />
  <testcase classname="Application Settings" name="Verify that user should able to update the Inventory Settings by clicking update button" time="6.405" />
 </testsuite>
 <testsuite name="Approval flow" timestamp="2021-08-19T13:18:10" hostname="localhost" time="21.344" errors="0" tests="5" skipped="0" disabled="0" failures="0">
  <testcase classname="Approval flow" name="Open Approval flow module" time="4.492" />
  <testcase classname="Approval flow" name="verify that search filter with facility list and search button appear on the approval template page" time="0.094" />
  <testcase classname="Approval flow" name="add new approval flow template" time="7.654" />
  <testcase classname="Approval flow" name="search newly created approval flow" time="4.591" />
  <testcase classname="Approval flow" name="delete newly created approval flow" time="4.512" />
 </testsuite>
 <testsuite name="Account Receivable Code" timestamp="2021-08-19T13:18:31" hostname="localhost" time="31.059" errors="0" tests="5" skipped="0" disabled="0" failures="0">
  <testcase classname="Account Receivable Code" name="Open Account Receivable Code module" time="4.441" />
  <testcase classname="Account Receivable Code" name="verify that search filter with facility list and search button appear on the Account Receivable Code page" time="0.105" />
  <testcase classname="Account Receivable Code" name="add new Account Receivable Code" time="11.037" />
  <testcase classname="Account Receivable Code" name="search newly created Account Receivable Code by given name and code" time="10.987" />
  <testcase classname="Account Receivable Code" name="delete newly created Account Receivable Code" time="4.489" />
 </testsuite>
 <testsuite name="Backjob List screen" timestamp="2021-08-19T13:19:02" hostname="localhost" time="3.247" errors="0" tests="2" skipped="0" disabled="0" failures="0">
  <testcase classname="Backjob List screen" name="Open Backjob List module" time="2.994" />
  <testcase classname="Backjob List screen" name="Verify that section, sub-section, Created By and Status filter should appear on Backjob List screen" time="0.253" />
 </testsuite>
 <testsuite name="Budget Transactions screen" timestamp="2021-08-19T13:19:05" hostname="localhost" time="6.387" errors="0" tests="3" skipped="0" disabled="0" failures="0">
  <testcase classname="Budget Transactions screen" name="Open Budget Transactions module" time="2.578" />
  <testcase classname="Budget Transactions screen" name="Verify that searchBy, Facilities, Projects and From To date filter should appear on Budget Transactions screen" time="0.262" />
  <testcase classname="Budget Transactions screen" name="Verify that sorting should work properly for Transaction At field on Budget Transactions screen" time="3.546" />
 </testsuite>
 <testsuite name="Budget screen" timestamp="2021-08-19T13:19:12" hostname="localhost" time="7.847" errors="0" tests="6" skipped="0" disabled="0" failures="0">
  <testcase classname="Budget screen" name="Open Budget module" time="2.582" />
  <testcase classname="Budget screen" name="Verify that search filter and schedule budget button should appear on budget screen" time="0.16" />
  <testcase classname="Budget screen" name="Verify that sorting should work properly for Updated At field on Application Settings Audit Log" time="3.613" />
  <testcase classname="Budget screen" name="Verify that MANAGE ORGANIZATION BUDGET screen should open on clicking manage schedule button" time="0.475" />
  <testcase classname="Budget screen" name="Verify that Save, Save &amp; Deploy and Close button should appear on Manage organization budget screen" time="0.484" />
  <testcase classname="Budget screen" name="Verify that user should redirect to budget detail screen on clicking close button from Manage organization budget screen" time="0.532" />
 </testsuite>
 <testsuite name="Care type" timestamp="2021-08-19T13:19:19" hostname="localhost" time="29.16" errors="0" tests="6" skipped="0" disabled="0" failures="0">
  <testcase classname="Care type" name="Open Care type module" time="2.491" />
  <testcase classname="Care type" name="verify that search by care type filter and status drop appear on the page" time="0.124" />
  <testcase classname="Care type" name="add new care type" time="6.861" />
  <testcase classname="Care type" name="search newly created care type" time="6.573" />
  <testcase classname="Care type" name="update newly created care type" time="6.57" />
  <testcase classname="Care type" name="delete newly created care type" time="6.54" />
 </testsuite>
 <testsuite name="Contract Management" timestamp="2021-08-19T13:19:49" hostname="localhost" time="6.597" errors="0" tests="2" skipped="0" disabled="0" failures="0">
  <testcase classname="Contract Management" name="Open Contract Management module" time="6.512" />
  <testcase classname="Contract Management" name="verify that search and status filter appear on the page" time="0.085" />
 </testsuite>
 <testsuite name="Cycle count module" timestamp="2021-08-19T13:19:55" hostname="localhost" time="30.082" errors="0" tests="6" skipped="0" disabled="0" failures="0">
  <testcase classname="Cycle count module" name="Open Cycle Count module" time="4.434" />
  <testcase classname="Cycle count module" name="Verify that default facility should appear selected on &quot;cycle count for" time="0.06" />
  <testcase classname="Cycle count module" name="Verify that following filter should appear selected on cycle count page" time="0.134" />
  <testcase classname="Cycle count module" name="Verify that Initite cycle count window should get opened on clicking initiate cycle count button" time="4.272" />
  <testcase classname="Cycle count module" name="Verify that user should able to initiate cycle count with Blind count" time="14.636" />
  <testcase classname="Cycle count module" name="Verify that user should able to cancel cycle count" time="6.546" />
 </testsuite>
 <testsuite name="Department" timestamp="2021-08-19T13:20:25" hostname="localhost" time="46.943" errors="0" tests="6" skipped="0" disabled="0" failures="0">
  <testcase classname="Department" name="Open Department module" time="4.479" />
  <testcase classname="Department" name="verify that search and facility fiter with search and add button appear on the page" time="0.107" />
  <testcase classname="Department" name="add new department" time="19.969" />
  <testcase classname="Department" name="search newly created department name by its name" time="6.605" />
  <testcase classname="Department" name="update the newly created department" time="8.871" />
  <testcase classname="Department" name="delete newly created department" time="6.912" />
 </testsuite>
 <testsuite name="Facilities" timestamp="2021-08-19T13:21:12" hostname="localhost" time="9.043" errors="0" tests="3" skipped="0" disabled="0" failures="0">
  <testcase classname="Facilities" name="Open facilities module" time="4.463" />
  <testcase classname="Facilities" name="verify that search filter appear on the facility listing page" time="0.061" />
  <testcase classname="Facilities" name="search facility by facility name" time="4.519" />
 </testsuite>
 <testsuite name="GL code moudle" timestamp="2021-08-19T13:21:21" hostname="localhost" time="29.005" errors="0" tests="5" skipped="0" disabled="0" failures="0">
  <testcase classname="GL code moudle" name="Open GL code module" time="4.438" />
  <testcase classname="GL code moudle" name="verify that search filter appear on the GL code page" time="2.088" />
  <testcase classname="GL code moudle" name="Add new Gl Code" time="8.934" />
  <testcase classname="GL code moudle" name="verify that user is able to search gl code by name" time="4.553" />
  <testcase classname="GL code moudle" name="delete GL code" time="8.99" />
 </testsuite>
 <testsuite name="Identity Provider moudle" timestamp="2021-08-19T13:21:50" hostname="localhost" time="33.558" errors="0" tests="7" skipped="0" disabled="0" failures="0">
  <testcase classname="Identity Provider moudle" name="Open Identity Provider module" time="6.515" />
  <testcase classname="Identity Provider moudle" name="verify that search filter appear on the Identity Provider page" time="0.093" />
  <testcase classname="Identity Provider moudle" name="search Identity Provider by PO name" time="4.444" />
  <testcase classname="Identity Provider moudle" name="search Identity Provider by Inventory_Management name" time="4.498" />
  <testcase classname="Identity Provider moudle" name="search Identity Provider by Inventory Transfer name" time="4.52" />
  <testcase classname="Identity Provider moudle" name="verify that user get redirect to manage pattern on clicking correponding link appear in drop down" time="4.431" />
  <testcase classname="Identity Provider moudle" name="verify that user get redirect to Dashboard on clicking close button appear in drop down" time="9.056" />
 </testsuite>
 <testsuite name="Import Vendor Bill Only Items" timestamp="2021-08-19T13:22:24" hostname="localhost" time="4.531" errors="0" tests="2" skipped="0" disabled="0" failures="0">
  <testcase classname="Import Vendor Bill Only Items" name="Open Import Vendor Bill Only Items module" time="4.433" />
  <testcase classname="Import Vendor Bill Only Items" name="verify that search and status filter appear on the page" time="0.082" />
 </testsuite>
 <testsuite name="Inventory Transactions" timestamp="2021-08-19T13:22:28" hostname="localhost" time="15.453" errors="0" tests="5" skipped="0" disabled="0" failures="0">
  <testcase classname="Inventory Transactions" name="Open Inventory Transactions module" time="4.495" />
  <testcase classname="Inventory Transactions" name="verify that search and status filter appear on the page" time="0.17" />
  <testcase classname="Inventory Transactions" name="search item by description" time="3.722" />
  <testcase classname="Inventory Transactions" name="search item by alias" time="3.532" />
  <testcase classname="Inventory Transactions" name="search item by sku" time="3.534" />
 </testsuite>
 <testsuite name="Invoice Payment Terms" timestamp="2021-08-19T13:22:44" hostname="localhost" time="28.078" errors="0" tests="6" skipped="0" disabled="0" failures="0">
  <testcase classname="Invoice Payment Terms" name="Open Invoice Payment Terms module" time="4.48" />
  <testcase classname="Invoice Payment Terms" name="verify that search and facility fiter with search and add button appear on the page" time="0.072" />
  <testcase classname="Invoice Payment Terms" name="add new payment term" time="13.189" />
  <testcase classname="Invoice Payment Terms" name="search newly created payment term by name" time="2.252" />
  <testcase classname="Invoice Payment Terms" name="update the newly created payment term" time="3.538" />
  <testcase classname="Invoice Payment Terms" name="delete newly created payment term" time="4.546" />
 </testsuite>
 <testsuite name="Item Categories" timestamp="2021-08-19T13:23:12" hostname="localhost" time="39.888" errors="0" tests="7" skipped="0" disabled="0" failures="0">
  <testcase classname="Item Categories" name="Open Item Categories module" time="4.495" />
  <testcase classname="Item Categories" name="verify that search and status filter appear on the page" time="0.038" />
  <testcase classname="Item Categories" name="add new Category" time="5.752" />
  <testcase classname="Item Categories" name="search newly created category" time="2.486" />
  <testcase classname="Item Categories" name="update newly created category" time="6.851" />
  <testcase classname="Item Categories" name="verify that on clicking category name user get redirect to item master page" time="7.726" />
  <testcase classname="Item Categories" name="delete newly create category" time="12.54" />
 </testsuite>
 <testsuite name="Items Change Log" timestamp="2021-08-19T13:23:52" hostname="localhost" time="18.662" errors="0" tests="5" skipped="0" disabled="0" failures="0">
  <testcase classname="Items Change Log" name="Open Items Change Log module" time="4.536" />
  <testcase classname="Items Change Log" name="verify that search and status filter appear on the page" time="0.081" />
  <testcase classname="Items Change Log" name="search item by description" time="5.795" />
  <testcase classname="Items Change Log" name="search item by alias" time="4.683" />
  <testcase classname="Items Change Log" name="search item by sku" time="3.567" />
 </testsuite>
 <testsuite name="Link item" timestamp="2021-08-19T13:24:10" hostname="localhost" time="52.304" errors="0" tests="8" skipped="0" disabled="0" failures="0">
  <testcase classname="Link item" name="Open link item module" time="4.64" />
  <testcase classname="Link item" name="verify that search and status filter appear on the page" time="0.079" />
  <testcase classname="Link item" name="verify that user is able to create new link item" time="16.061" />
  <testcase classname="Link item" name="search newly created link item by description" time="4.526" />
  <testcase classname="Link item" name="search newly created link item by linkitem key" time="4.455" />
  <testcase classname="Link item" name="search newly created link item by alias" time="4.527" />
  <testcase classname="Link item" name="update link item" time="8.916" />
  <testcase classname="Link item" name="delete link item" time="9.098" />
 </testsuite>
 <testsuite name="Manage pattern" timestamp="2021-08-19T13:25:03" hostname="localhost" time="29.438" errors="0" tests="3" skipped="0" disabled="0" failures="0">
  <testcase classname="Manage pattern" name="Open manage pattern module" time="4.544" />
  <testcase classname="Manage pattern" name="Add new pattern" time="18.143" />
  <testcase classname="Manage pattern" name="Delete newly added pattern" time="6.739" />
 </testsuite>
 <testsuite name="Manufacturer" timestamp="2021-08-19T13:25:32" hostname="localhost" time="4.542" errors="0" tests="2" skipped="0" disabled="0" failures="0">
  <testcase classname="Manufacturer" name="Open Manfacturer module" time="4.469" />
  <testcase classname="Manufacturer" name="verify that search filter and search button appear on the page" time="0.072" />
 </testsuite>
 <testsuite name="News module" timestamp="2021-08-19T13:25:37" hostname="localhost" time="37.833" errors="0" tests="7" skipped="0" disabled="0" failures="0">
  <testcase classname="News module" name="Open News module" time="4.514" />
  <testcase classname="News module" name="verify that search filter appear on the News detail page" time="0.107" />
  <testcase classname="News module" name="Verify that &quot;Missing news description&quot; error toast appear if user tries to add new news without description" time="8.861" />
  <testcase classname="News module" name="Verify that user should able to add new news with news title and description" time="6.749" />
  <testcase classname="News module" name="verify that user is able to search news by title" time="3.574" />
  <testcase classname="News module" name="verify that user is able to edit the newly created news" time="6.895" />
  <testcase classname="News module" name="verify that user can delete newly created news" time="7.133" />
 </testsuite>
 <testsuite name="Payor Code" timestamp="2021-08-19T13:26:15" hostname="localhost" time="30.058" errors="0" tests="5" skipped="1" disabled="0" failures="0">
  <testcase classname="Payor Code" name="Open Payor Code module" time="4.629" />
  <testcase classname="Payor Code" name="verify that search filter with facility list and search button appear on the Payor Code page" time="2.161" />
  <testcase classname="Payor Code" name="add new Payor Code" time="12.151" />
  <testcase classname="Payor Code" name="search newly created Payor Code by given name and code" time="11.115" />
  <testcase classname="Payor Code" name="delete newly created Payor Code" time="0.001">
   <skipped message="Temporarily disabled with xit" />
  </testcase>
 </testsuite>
 <testsuite name="PO special instruction" timestamp="2021-08-19T13:26:45" hostname="localhost" time="21.926" errors="0" tests="6" skipped="0" disabled="0" failures="0">
  <testcase classname="PO special instruction" name="Open PO Special instruction module" time="4.52" />
  <testcase classname="PO special instruction" name="verify that search and facility fiter with search and add button appear on the page" time="0.081" />
  <testcase classname="PO special instruction" name="add new instruction" time="4.787" />
  <testcase classname="PO special instruction" name="search newly created instruction by name" time="4.513" />
  <testcase classname="PO special instruction" name="update the newly special instruction" time="4.502" />
  <testcase classname="PO special instruction" name="delete newly created special instruction" time="3.523" />
 </testsuite>
 <testsuite name="Practice Type" timestamp="2021-08-19T13:27:07" hostname="localhost" time="30.418" errors="0" tests="6" skipped="0" disabled="0" failures="0">
  <testcase classname="Practice Type" name="Open Practice Type module" time="4.412" />
  <testcase classname="Practice Type" name="verify that search by care type filter and status drop appear on the page" time="0.053" />
  <testcase classname="Practice Type" name="add new Practice Type" time="9.221" />
  <testcase classname="Practice Type" name="search newly created Practice Type" time="6.615" />
  <testcase classname="Practice Type" name="update newly created Practice Type" time="5.558" />
  <testcase classname="Practice Type" name="delete newly created Practice Type" time="4.559" />
 </testsuite>
 <testsuite name="Price Tier Setup module" timestamp="2021-08-19T13:27:37" hostname="localhost" time="47.815" errors="0" tests="9" skipped="0" disabled="0" failures="0">
  <testcase classname="Price Tier Setup module" name="Open Price Tier Setup module" time="6.518" />
  <testcase classname="Price Tier Setup module" name="verify that search filter appear on price tier setup listing page" time="0.053" />
  <testcase classname="Price Tier Setup module" name="Verify that user is able to add new price tier" time="8.031" />
  <testcase classname="Price Tier Setup module" name="Search newly created price tier by name" time="0.274" />
  <testcase classname="Price Tier Setup module" name="set newly created price tier with vendor" time="15.321" />
  <testcase classname="Price Tier Setup module" name="verify that user is not able to delete mapped price tier" time="3.971" />
  <testcase classname="Price Tier Setup module" name="add a new price tier to check edit and delete functionality" time="5.883" />
  <testcase classname="Price Tier Setup module" name="verify that user is able to edit and update newly edit price tier" time="3.998" />
  <testcase classname="Price Tier Setup module" name="verify that user is able to delete newly created price tier" time="3.766" />
 </testsuite>
 <testsuite name="Print Barcodes/QRCodes" timestamp="2021-08-19T13:28:25" hostname="localhost" time="29.596" errors="0" tests="7" skipped="0" disabled="0" failures="0">
  <testcase classname="Print Barcodes/QRCodes" name="Open Print Barcodes/QRCodes module" time="4.744" />
  <testcase classname="Print Barcodes/QRCodes" name="verify that search and date range filter appear on the page" time="0.086" />
  <testcase classname="Print Barcodes/QRCodes" name="verify the user user default facility should appear selected in facility drop down" time="8.943" />
  <testcase classname="Print Barcodes/QRCodes" name="search item by description" time="3.945" />
  <testcase classname="Print Barcodes/QRCodes" name="search item by alias" time="3.652" />
  <testcase classname="Print Barcodes/QRCodes" name="search item by sku" time="3.594" />
  <testcase classname="Print Barcodes/QRCodes" name="verify that all option to print item are availbale under print code button" time="4.631" />
 </testsuite>
 <testsuite name="Stock Adjustment Notes" timestamp="2021-08-19T13:28:54" hostname="localhost" time="4.649" errors="0" tests="2" skipped="0" disabled="0" failures="0">
  <testcase classname="Stock Adjustment Notes" name="Open Stock Adjustment Notes module" time="4.565" />
  <testcase classname="Stock Adjustment Notes" name="verify that search and status filter appear on the page" time="0.084" />
 </testsuite>
 <testsuite name="UOU Management" timestamp="2021-08-19T13:28:59" hostname="localhost" time="4.652" errors="0" tests="3" skipped="0" disabled="0" failures="0">
  <testcase classname="UOU Management" name="Open UOU Management module" time="4.46" />
  <testcase classname="UOU Management" name="verify that search and status filter appear on the page" time="0.052" />
  <testcase classname="UOU Management" name="verify all consumption type appear under the consumption type dropdown" time="0.139" />
 </testsuite>
 <testsuite name="Utilities" timestamp="2021-08-19T13:29:04" hostname="localhost" time="46.903" errors="0" tests="15" skipped="0" disabled="0" failures="0">
  <testcase classname="Utilities" name="Open Utilities module" time="0.591" />
  <testcase classname="Utilities" name="verify that search filter appear on the utilities page" time="0.23" />
  <testcase classname="Utilities" name="search import facility utitilites by its name" time="3.504" />
  <testcase classname="Utilities" name="search import department utitilites by its name" time="3.551" />
  <testcase classname="Utilities" name="search import_Patient utitilites by its name" time="3.514" />
  <testcase classname="Utilities" name="search import_users utitilites by its name" time="3.476" />
  <testcase classname="Utilities" name="search syncmap_item utitilites by its name" time="3.69" />
  <testcase classname="Utilities" name="search template utitilites by its name" time="3.471" />
  <testcase classname="Utilities" name="search template utitilites by its name" time="3.523" />
  <testcase classname="Utilities" name="search Change_temp_owner utitilites by its name" time="3.511" />
  <testcase classname="Utilities" name="search Assign_remove_vendor_access utitilites by its name" time="3.559" />
  <testcase classname="Utilities" name="search Download_user_facilities_access utitilites by its name" time="3.557" />
  <testcase classname="Utilities" name="search Download_user_approval_access utitilites by its name" time="3.545" />
  <testcase classname="Utilities" name="search Assign_user_facility_access utitilites by its name" time="3.577" />
  <testcase classname="Utilities" name="search Remove_user_facility_access utitilites by its name" time="3.604" />
 </testsuite>
 <testsuite name="Vendors Account Setup module" timestamp="2021-08-19T13:29:51" hostname="localhost" time="22.615" errors="0" tests="4" skipped="0" disabled="0" failures="0">
  <testcase classname="Vendors Account Setup module" name="Open Vendors Account Setup module" time="4.463" />
  <testcase classname="Vendors Account Setup module" name="select vendor by select vendor list and verify the account number of user default facility" time="13.5" />
  <testcase classname="Vendors Account Setup module" name="verify that on clicking save button user get redirect to back page with updation toast message" time="2.249" />
  <testcase classname="Vendors Account Setup module" name="Verify that on clicking close button user get redirect to Dashboard page" time="2.402" />
 </testsuite>
 <testsuite name="Vendor module" timestamp="2021-08-19T13:30:13" hostname="localhost" time="9.298" errors="0" tests="3" skipped="0" disabled="0" failures="0">
  <testcase classname="Vendor module" name="Open vendor module" time="4.541" />
  <testcase classname="Vendor module" name="verify that search filter appear on the vendor listing page" time="0.073" />
  <testcase classname="Vendor module" name="search vendor by vendor name" time="4.683" />
 </testsuite>
 <testsuite name="Hybrent DME Module - Start New Claim" timestamp="2021-08-19T13:30:22" hostname="localhost" time="31.675" errors="0" tests="4" skipped="0" disabled="0" failures="1">
  <testcase classname="Hybrent DME Module - Start New Claim" name="navigate to start new claim page" time="0.774" />
  <testcase classname="Hybrent DME Module - Start New Claim" name="Click on select button to select patient to generate a claim" time="9.227">
   <failure type="exception" message="Failed: Cannot read property &apos;indexOf&apos; of null"><![CDATA[TypeError: Cannot read property 'indexOf' of null
    at C:\Users\sandy\AppData\Roaming\npm\node_modules\protractor\built\expectedConditions.js:233:35
    at C:\Users\sandy\AppData\Roaming\npm\node_modules\protractor\built\element.js:804:32
    at ManagedPromise.invokeCallback_ (C:\Users\sandy\AppData\Roaming\npm\node_modules\protractor\node_modules\selenium-webdriver\lib\promise.js:1376:14)
    at TaskQueue.execute_ (C:\Users\sandy\AppData\Roaming\npm\node_modules\protractor\node_modules\selenium-webdriver\lib\promise.js:3084:14)
    at TaskQueue.executeNext_ (C:\Users\sandy\AppData\Roaming\npm\node_modules\protractor\node_modules\selenium-webdriver\lib\promise.js:3067:27)
    at C:\Users\sandy\AppData\Roaming\npm\node_modules\protractor\node_modules\selenium-webdriver\lib\promise.js:2927:27
    at C:\Users\sandy\AppData\Roaming\npm\node_modules\protractor\node_modules\selenium-webdriver\lib\promise.js:668:7
    at runMicrotasks (<anonymous>)
    at processTicksAndRejections (internal/process/task_queues.js:97:5)
From: Task: <anonymous>
    at pollCondition (C:\Users\sandy\AppData\Roaming\npm\node_modules\protractor\node_modules\selenium-webdriver\lib\promise.js:2195:19)
    at C:\Users\sandy\AppData\Roaming\npm\node_modules\protractor\node_modules\selenium-webdriver\lib\promise.js:2191:7
    at new ManagedPromise (C:\Users\sandy\AppData\Roaming\npm\node_modules\protractor\node_modules\selenium-webdriver\lib\promise.js:1077:7)
    at ControlFlow.promise (C:\Users\sandy\AppData\Roaming\npm\node_modules\protractor\node_modules\selenium-webdriver\lib\promise.js:2505:12)
    at C:\Users\sandy\AppData\Roaming\npm\node_modules\protractor\node_modules\selenium-webdriver\lib\promise.js:2190:22
    at TaskQueue.execute_ (C:\Users\sandy\AppData\Roaming\npm\node_modules\protractor\node_modules\selenium-webdriver\lib\promise.js:3084:14)
    at TaskQueue.executeNext_ (C:\Users\sandy\AppData\Roaming\npm\node_modules\protractor\node_modules\selenium-webdriver\lib\promise.js:3067:27)
    at C:\Users\sandy\AppData\Roaming\npm\node_modules\protractor\node_modules\selenium-webdriver\lib\promise.js:2927:27
    at C:\Users\sandy\AppData\Roaming\npm\node_modules\protractor\node_modules\selenium-webdriver\lib\promise.js:668:7
From: Task: <anonymous wait>
    at scheduleWait (C:\Users\sandy\AppData\Roaming\npm\node_modules\protractor\node_modules\selenium-webdriver\lib\promise.js:2188:20)
    at ControlFlow.wait (C:\Users\sandy\AppData\Roaming\npm\node_modules\protractor\node_modules\selenium-webdriver\lib\promise.js:2517:12)
    at thenableWebDriverProxy.wait (C:\Users\sandy\AppData\Roaming\npm\node_modules\protractor\node_modules\selenium-webdriver\lib\webdriver.js:934:29)
    at run (C:\Users\sandy\AppData\Roaming\npm\node_modules\protractor\built\browser.js:58:33)
    at ProtractorBrowser.to.<computed> [as wait] (C:\Users\sandy\AppData\Roaming\npm\node_modules\protractor\built\browser.js:66:16)
    at UserContext.<anonymous> (F:\Automation\Hybrent3.7.0-RC3\Testcases\DME\Start_new_claim.js:3:406)
    at C:\Users\sandy\AppData\Roaming\npm\node_modules\protractor\node_modules\jasminewd2\index.js:112:25
    at new ManagedPromise (C:\Users\sandy\AppData\Roaming\npm\node_modules\protractor\node_modules\selenium-webdriver\lib\promise.js:1077:7)
    at ControlFlow.promise (C:\Users\sandy\AppData\Roaming\npm\node_modules\protractor\node_modules\selenium-webdriver\lib\promise.js:2505:12)
    at schedulerExecute (C:\Users\sandy\AppData\Roaming\npm\node_modules\protractor\node_modules\jasminewd2\index.js:95:18)
From: Task: Run it("Click on select button to select patient to generate a claim") in control flow
    at UserContext.<anonymous> (C:\Users\sandy\AppData\Roaming\npm\node_modules\protractor\node_modules\jasminewd2\index.js:94:19)
    at attempt (C:\Users\sandy\AppData\Roaming\npm\node_modules\protractor\node_modules\jasmine-core\lib\jasmine-core\jasmine.js:4297:26)
    at QueueRunner.run (C:\Users\sandy\AppData\Roaming\npm\node_modules\protractor\node_modules\jasmine-core\lib\jasmine-core\jasmine.js:4217:20)
    at runNext (C:\Users\sandy\AppData\Roaming\npm\node_modules\protractor\node_modules\jasmine-core\lib\jasmine-core\jasmine.js:4257:20)
    at C:\Users\sandy\AppData\Roaming\npm\node_modules\protractor\node_modules\jasmine-core\lib\jasmine-core\jasmine.js:4264:13
    at C:\Users\sandy\AppData\Roaming\npm\node_modules\protractor\node_modules\jasmine-core\lib\jasmine-core\jasmine.js:4172:9
    at C:\Users\sandy\AppData\Roaming\npm\node_modules\protractor\node_modules\jasminewd2\index.js:64:48
    at ControlFlow.emit (C:\Users\sandy\AppData\Roaming\npm\node_modules\protractor\node_modules\selenium-webdriver\lib\events.js:62:21)
    at ControlFlow.shutdown_ (C:\Users\sandy\AppData\Roaming\npm\node_modules\protractor\node_modules\selenium-webdriver\lib\promise.js:2674:10)
    at C:\Users\sandy\AppData\Roaming\npm\node_modules\protractor\node_modules\selenium-webdriver\lib\promise.js:2599:53
From asynchronous test: 
Error
    at Suite.<anonymous> (F:\Automation\Hybrent3.7.0-RC3\Testcases\DME\Start_new_claim.js:2:1566)
    at addSpecsToSuite (C:\Users\sandy\AppData\Roaming\npm\node_modules\protractor\node_modules\jasmine-core\lib\jasmine-core\jasmine.js:1107:25)
    at Env.describe (C:\Users\sandy\AppData\Roaming\npm\node_modules\protractor\node_modules\jasmine-core\lib\jasmine-core\jasmine.js:1074:7)
    at describe (C:\Users\sandy\AppData\Roaming\npm\node_modules\protractor\node_modules\jasmine-core\lib\jasmine-core\jasmine.js:4399:18)
    at Object.<anonymous> (F:\Automation\Hybrent3.7.0-RC3\Testcases\DME\Start_new_claim.js:2:211)
    at Module._compile (internal/modules/cjs/loader.js:1158:30)
    at Module.replacementCompile (F:\Automation\Hybrent3.7.0-RC3\node_modules\append-transform\index.js:60:13)
    at Module._extensions..js (internal/modules/cjs/loader.js:1178:10)
    at Object.<anonymous> (F:\Automation\Hybrent3.7.0-RC3\node_modules\append-transform\index.js:64:4)]]>
   </failure>
  </testcase>
  <testcase classname="Hybrent DME Module - Start New Claim" name="Verify that user is able add Dme item into the newly created claim" time="12.841" />
  <testcase classname="Hybrent DME Module - Start New Claim" name="Verify that user get redirect to claim lising page on clicking close button" time="8.833" />
 </testsuite>
 <testsuite name="Hybrent DME Module - My Claims" timestamp="2021-08-19T13:30:54" hostname="localhost" time="22.781" errors="0" tests="3" skipped="0" disabled="0" failures="2">
  <testcase classname="Hybrent DME Module - My Claims" name="Verify that following search filter appear on my claim listing page" time="2.601" />
  <testcase classname="Hybrent DME Module - My Claims" name="Search and open newly created cliam for the patient" time="0.017">
   <failure type="exception" message="Failed: EC.visiblityOf is not a function"><![CDATA[TypeError: EC.visiblityOf is not a function
    at UserContext.<anonymous> (F:\Automation\Hybrent3.7.0-RC3\Testcases\DME\Start_new_claimlisting.js:3:141)
    at C:\Users\sandy\AppData\Roaming\npm\node_modules\protractor\node_modules\jasminewd2\index.js:112:25
    at new ManagedPromise (C:\Users\sandy\AppData\Roaming\npm\node_modules\protractor\node_modules\selenium-webdriver\lib\promise.js:1077:7)
    at ControlFlow.promise (C:\Users\sandy\AppData\Roaming\npm\node_modules\protractor\node_modules\selenium-webdriver\lib\promise.js:2505:12)
    at schedulerExecute (C:\Users\sandy\AppData\Roaming\npm\node_modules\protractor\node_modules\jasminewd2\index.js:95:18)
    at TaskQueue.execute_ (C:\Users\sandy\AppData\Roaming\npm\node_modules\protractor\node_modules\selenium-webdriver\lib\promise.js:3084:14)
    at TaskQueue.executeNext_ (C:\Users\sandy\AppData\Roaming\npm\node_modules\protractor\node_modules\selenium-webdriver\lib\promise.js:3067:27)
    at C:\Users\sandy\AppData\Roaming\npm\node_modules\protractor\node_modules\selenium-webdriver\lib\promise.js:2974:25
    at C:\Users\sandy\AppData\Roaming\npm\node_modules\protractor\node_modules\selenium-webdriver\lib\promise.js:668:7
    at runMicrotasks (<anonymous>)
From: Task: Run it("Search and open newly created cliam for the patient") in control flow
    at UserContext.<anonymous> (C:\Users\sandy\AppData\Roaming\npm\node_modules\protractor\node_modules\jasminewd2\index.js:94:19)
    at attempt (C:\Users\sandy\AppData\Roaming\npm\node_modules\protractor\node_modules\jasmine-core\lib\jasmine-core\jasmine.js:4297:26)
    at QueueRunner.run (C:\Users\sandy\AppData\Roaming\npm\node_modules\protractor\node_modules\jasmine-core\lib\jasmine-core\jasmine.js:4217:20)
    at runNext (C:\Users\sandy\AppData\Roaming\npm\node_modules\protractor\node_modules\jasmine-core\lib\jasmine-core\jasmine.js:4257:20)
    at C:\Users\sandy\AppData\Roaming\npm\node_modules\protractor\node_modules\jasmine-core\lib\jasmine-core\jasmine.js:4264:13
    at C:\Users\sandy\AppData\Roaming\npm\node_modules\protractor\node_modules\jasmine-core\lib\jasmine-core\jasmine.js:4172:9
    at C:\Users\sandy\AppData\Roaming\npm\node_modules\protractor\node_modules\jasminewd2\index.js:64:48
    at ControlFlow.emit (C:\Users\sandy\AppData\Roaming\npm\node_modules\protractor\node_modules\selenium-webdriver\lib\events.js:62:21)
    at ControlFlow.shutdown_ (C:\Users\sandy\AppData\Roaming\npm\node_modules\protractor\node_modules\selenium-webdriver\lib\promise.js:2674:10)
    at C:\Users\sandy\AppData\Roaming\npm\node_modules\protractor\node_modules\selenium-webdriver\lib\promise.js:2599:53
From asynchronous test: 
Error
    at Suite.<anonymous> (F:\Automation\Hybrent3.7.0-RC3\Testcases\DME\Start_new_claimlisting.js:2:1676)
    at addSpecsToSuite (C:\Users\sandy\AppData\Roaming\npm\node_modules\protractor\node_modules\jasmine-core\lib\jasmine-core\jasmine.js:1107:25)
    at Env.describe (C:\Users\sandy\AppData\Roaming\npm\node_modules\protractor\node_modules\jasmine-core\lib\jasmine-core\jasmine.js:1074:7)
    at describe (C:\Users\sandy\AppData\Roaming\npm\node_modules\protractor\node_modules\jasmine-core\lib\jasmine-core\jasmine.js:4399:18)
    at Object.<anonymous> (F:\Automation\Hybrent3.7.0-RC3\Testcases\DME\Start_new_claimlisting.js:2:211)
    at Module._compile (internal/modules/cjs/loader.js:1158:30)
    at Module.replacementCompile (F:\Automation\Hybrent3.7.0-RC3\node_modules\append-transform\index.js:60:13)
    at Module._extensions..js (internal/modules/cjs/loader.js:1178:10)
    at Object.<anonymous> (F:\Automation\Hybrent3.7.0-RC3\node_modules\append-transform\index.js:64:4)]]>
   </failure>
  </testcase>
  <testcase classname="Hybrent DME Module - My Claims" name="Verify that user is able to complete the assigned DME claim" time="20.161">
   <failure type="exception" message="Failed: Wait timed out after 20025ms"><![CDATA[TimeoutError: Wait timed out after 20025ms
    at C:\Users\sandy\AppData\Roaming\npm\node_modules\protractor\node_modules\selenium-webdriver\lib\promise.js:2201:17
    at ManagedPromise.invokeCallback_ (C:\Users\sandy\AppData\Roaming\npm\node_modules\protractor\node_modules\selenium-webdriver\lib\promise.js:1376:14)
    at TaskQueue.execute_ (C:\Users\sandy\AppData\Roaming\npm\node_modules\protractor\node_modules\selenium-webdriver\lib\promise.js:3084:14)
    at TaskQueue.executeNext_ (C:\Users\sandy\AppData\Roaming\npm\node_modules\protractor\node_modules\selenium-webdriver\lib\promise.js:3067:27)
    at C:\Users\sandy\AppData\Roaming\npm\node_modules\protractor\node_modules\selenium-webdriver\lib\promise.js:2927:27
    at C:\Users\sandy\AppData\Roaming\npm\node_modules\protractor\node_modules\selenium-webdriver\lib\promise.js:668:7
    at runMicrotasks (<anonymous>)
    at processTicksAndRejections (internal/process/task_queues.js:97:5)
From: Task: <anonymous wait>
    at scheduleWait (C:\Users\sandy\AppData\Roaming\npm\node_modules\protractor\node_modules\selenium-webdriver\lib\promise.js:2188:20)
    at ControlFlow.wait (C:\Users\sandy\AppData\Roaming\npm\node_modules\protractor\node_modules\selenium-webdriver\lib\promise.js:2517:12)
    at thenableWebDriverProxy.wait (C:\Users\sandy\AppData\Roaming\npm\node_modules\protractor\node_modules\selenium-webdriver\lib\webdriver.js:934:29)
    at run (C:\Users\sandy\AppData\Roaming\npm\node_modules\protractor\built\browser.js:58:33)
    at ProtractorBrowser.to.<computed> [as wait] (C:\Users\sandy\AppData\Roaming\npm\node_modules\protractor\built\browser.js:66:16)
    at UserContext.<anonymous> (F:\Automation\Hybrent3.7.0-RC3\Testcases\DME\Start_new_claimlisting.js:15:159)
    at C:\Users\sandy\AppData\Roaming\npm\node_modules\protractor\node_modules\jasminewd2\index.js:112:25
    at new ManagedPromise (C:\Users\sandy\AppData\Roaming\npm\node_modules\protractor\node_modules\selenium-webdriver\lib\promise.js:1077:7)
    at ControlFlow.promise (C:\Users\sandy\AppData\Roaming\npm\node_modules\protractor\node_modules\selenium-webdriver\lib\promise.js:2505:12)
    at schedulerExecute (C:\Users\sandy\AppData\Roaming\npm\node_modules\protractor\node_modules\jasminewd2\index.js:95:18)
From: Task: Run it("Verify that user is able to complete the assigned DME claim") in control flow
    at UserContext.<anonymous> (C:\Users\sandy\AppData\Roaming\npm\node_modules\protractor\node_modules\jasminewd2\index.js:94:19)
    at attempt (C:\Users\sandy\AppData\Roaming\npm\node_modules\protractor\node_modules\jasmine-core\lib\jasmine-core\jasmine.js:4297:26)
    at QueueRunner.run (C:\Users\sandy\AppData\Roaming\npm\node_modules\protractor\node_modules\jasmine-core\lib\jasmine-core\jasmine.js:4217:20)
    at runNext (C:\Users\sandy\AppData\Roaming\npm\node_modules\protractor\node_modules\jasmine-core\lib\jasmine-core\jasmine.js:4257:20)
    at C:\Users\sandy\AppData\Roaming\npm\node_modules\protractor\node_modules\jasmine-core\lib\jasmine-core\jasmine.js:4264:13
    at C:\Users\sandy\AppData\Roaming\npm\node_modules\protractor\node_modules\jasmine-core\lib\jasmine-core\jasmine.js:4172:9
    at C:\Users\sandy\AppData\Roaming\npm\node_modules\protractor\node_modules\jasminewd2\index.js:64:48
    at ControlFlow.emit (C:\Users\sandy\AppData\Roaming\npm\node_modules\protractor\node_modules\selenium-webdriver\lib\events.js:62:21)
    at ControlFlow.shutdown_ (C:\Users\sandy\AppData\Roaming\npm\node_modules\protractor\node_modules\selenium-webdriver\lib\promise.js:2674:10)
    at C:\Users\sandy\AppData\Roaming\npm\node_modules\protractor\node_modules\selenium-webdriver\lib\promise.js:2599:53
From asynchronous test: 
Error
    at Suite.<anonymous> (F:\Automation\Hybrent3.7.0-RC3\Testcases\DME\Start_new_claimlisting.js:15:26)
    at addSpecsToSuite (C:\Users\sandy\AppData\Roaming\npm\node_modules\protractor\node_modules\jasmine-core\lib\jasmine-core\jasmine.js:1107:25)
    at Env.describe (C:\Users\sandy\AppData\Roaming\npm\node_modules\protractor\node_modules\jasmine-core\lib\jasmine-core\jasmine.js:1074:7)
    at describe (C:\Users\sandy\AppData\Roaming\npm\node_modules\protractor\node_modules\jasmine-core\lib\jasmine-core\jasmine.js:4399:18)
    at Object.<anonymous> (F:\Automation\Hybrent3.7.0-RC3\Testcases\DME\Start_new_claimlisting.js:2:211)
    at Module._compile (internal/modules/cjs/loader.js:1158:30)
    at Module.replacementCompile (F:\Automation\Hybrent3.7.0-RC3\node_modules\append-transform\index.js:60:13)
    at Module._extensions..js (internal/modules/cjs/loader.js:1178:10)
    at Object.<anonymous> (F:\Automation\Hybrent3.7.0-RC3\node_modules\append-transform\index.js:64:4)]]>
   </failure>
  </testcase>
 </testsuite>
</testsuites>